#
# A fatal error has been detected by the Java Runtime Environment:
#
#  SIGSEGV (0xb) at pc=0x00000001037b89a5, pid=85490, tid=775
#
# JRE version: OpenJDK Runtime Environment (Zulu11.31+11-CA) (11.0.3+7) (build 11.0.3+7-LTS)
# Java VM: OpenJDK 64-Bit Server VM (11.0.3+7-LTS, mixed mode, tiered, compressed oops, g1 gc, bsd-amd64)
# Problematic frame:
# C  [StataSE+0x459a5]
#
# No core dump will be written. Core dumps have been disabled. To enable core dumping, try "ulimit -c unlimited" before starting Java again
#
# If you would like to submit a bug report, please visit:
#   http://www.azulsystems.com/support/
# The crash happened outside the Java Virtual Machine in native code.
# See problematic frame for where to report the bug.
#

---------------  S U M M A R Y ------------

Command Line: -Xmx2048M -Xss2M -XX:ErrorFile=/dev/null 

Host: MacBookPro11,4 x86_64 2500 MHz, 8 cores, 16G, Darwin 18.6.0
Time: Sat Aug 10 15:15:05 2019 EDT elapsed time: 279379 seconds (3d 5h 36m 19s)

---------------  T H R E A D  ---------------

Current thread (0x00007fc40ea18800):  JavaThread "Thread-1" [_thread_in_native, id=775, stack(0x00007ffeebc8d000,0x00007ffeec48d000)]

Stack: [0x00007ffeebc8d000,0x00007ffeec48d000],  sp=0x00007ffeec478a40,  free space=8110k
Native frames: (J=compiled Java code, A=aot compiled Java code, j=interpreted, Vv=VM code, C=native code)
C  [StataSE+0x459a5]
C  [AppKit+0x77b066]  -[NSSavePanel _didEndSheet:returnCode:contextInfo:]+0x60
C  [AppKit+0x9039d9]  NSWindowEndWindowModalSession+0x152
C  [StataSE+0x3bbcd]
C  [StataSE+0x45c73b]
C  [StataSE+0x442ef]
C  [StataSE+0x46d56]
C  [StataSE+0x70e598]
C  [StataSE+0xdb98]
C  [StataSE+0x4556f1]
C  [StataSE+0x45338d]
C  [StataSE+0x44a1a2]
C  [StataSE+0x5d0305]
C  [StataSE+0x4b3d0c]
C  [StataSE+0x44a1a2]
C  [StataSE+0x465dd5]
C  [StataSE+0x44a1a2]
C  [StataSE+0x5d0305]
C  [StataSE+0x4b282c]
C  [StataSE+0x44a1a2]
C  [StataSE+0x465dd5]
C  [StataSE+0x44a1a2]
C  [StataSE+0x5d0305]
C  [StataSE+0x4b282c]
C  [StataSE+0x44a1a2]
C  [StataSE+0x5d0305]
C  [StataSE+0x4b282c]
C  [StataSE+0x44a1a2]
C  [StataSE+0x465dd5]
C  [StataSE+0x44a1a2]
C  [StataSE+0x5d0305]
C  [StataSE+0x4b43e1]
C  [StataSE+0x44a1a2]
C  [StataSE+0x5d0305]
C  [StataSE+0x4b282c]
C  [StataSE+0x44a1a2]
C  [StataSE+0x5d0305]
C  [StataSE+0x4b43e1]
C  [StataSE+0x44a1a2]
C  [StataSE+0x465dd5]
C  [StataSE+0x45582b]
C  [StataSE+0x4556f1]
C  [StataSE+0x45338d]
C  [StataSE+0x44a1a2]
C  [StataSE+0x465dd5]
C  [StataSE+0x44a1a2]
C  [StataSE+0x465dd5]
C  [StataSE+0x44a1a2]
C  [StataSE+0x465dd5]
C  [StataSE+0x44a1a2]
C  [StataSE+0x690e8b]
C  [libdyld.dylib+0x163d5]  start+0x1


siginfo: si_signo: 11 (SIGSEGV), si_code: 1 (SEGV_MAPERR), si_addr: 0x0000000000022c00

Register to memory mapping:

RAX=0x0 is NULL
RBX=0x0000600002c2f300 points into unknown readable memory: e3 99 2c 02 00 e0 3d 09
RCX=0x0100000000000000 is an unknown value
RDX=0x0 is NULL
RSP=0x00007ffeec478a40 is pointing into the stack for thread: 0x00007fc40ea18800
RBP=0x00007ffeec478a50 is pointing into the stack for thread: 0x00007fc40ea18800
RSI=0x000000010484bf37: _ZTSN6icu_547UMemoryE+0x739c7 in /Applications/Stata/StataSE.app/Contents/MacOS/StataSE at 0x0000000103773000
RDI=0x0 is NULL
R8 =0x0 is NULL
R9 =0x00000000a5baadb8 is an unknown value
R10=0x00006000022c99e0 points into unknown readable memory: a1 8e 2c 02 00 e0 1d 00
R11=0x00007fc412881e30 points into unknown readable memory: e3 a9 af 48 ff 7f 00 00
R12=0x0 is NULL
R13=0x00000000000001c8 is an unknown value
R14=0x00007fff75041680: objc_msgSend+0 in /usr/lib/libobjc.A.dylib at 0x00007fff7503b000
R15=0x0 is NULL


Registers:
RAX=0x0000000000000000, RBX=0x0000600002c2f300, RCX=0x0100000000000000, RDX=0x0000000000000000
RSP=0x00007ffeec478a40, RBP=0x00007ffeec478a50, RSI=0x000000010484bf37, RDI=0x0000000000000000
R8 =0x0000000000000000, R9 =0x00000000a5baadb8, R10=0x00006000022c99e0, R11=0x00007fc412881e30
R12=0x0000000000000000, R13=0x00000000000001c8, R14=0x00007fff75041680, R15=0x0000000000000000
RIP=0x00000001037b89a5, EFLAGS=0x0000000000010246, ERR=0x0000000000000006
  TRAPNO=0x000000000000000e

Top of Stack: (sp=0x00007ffeec478a40)
0x00007ffeec478a40:   00007fc40fc7bf60 00007fc40fc7bf60
0x00007ffeec478a50:   00007ffeec478a90 00007fff486d5066
0x00007ffeec478a60:   00007fc40fc7bf60 00007fc40fc7bf60
0x00007ffeec478a70:   00007fff75041680 00007fc40fc7bf60
0x00007ffeec478a80:   0000000000000000 0000600002c2dc00
0x00007ffeec478a90:   00007ffeec478b00 00007fff4885d9d9
0x00007ffeec478aa0:   0000000000000108 0000600001eac120
0x00007ffeec478ab0:   00007fff48b74523 0000000000000000
0x00007ffeec478ac0:   00007fc40fc7bf60 0000000000000000
0x00007ffeec478ad0:   00000001ec478b00 0000600002c2dc00
0x00007ffeec478ae0:   00007fc40f8f2510 0000600002c2f300
0x00007ffeec478af0:   00007fff75041680 0000600002982e60
0x00007ffeec478b00:   00007ffeec478b50 00000001037aebcd
0x00007ffeec478b10:   0000600001eac030 00007fff48af7710
0x00007ffeec478b20:   0000000104b68fd0 0000000146638000
0x00007ffeec478b30:   00007fff75041680 00006000005f5700
0x00007ffeec478b40:   0000600001eac030 00007fff48af7710
0x00007ffeec478b50:   00007ffeec478b90 0000000103bcf73b
0x00007ffeec478b60:   0000600001eac030 0000600001fb76c0
0x00007ffeec478b70:   00007fff75041680 0000600002c2f300
0x00007ffeec478b80:   0000600002982e60 0000000000000098
0x00007ffeec478b90:   00007ffeec478bd0 00000001037b72ef
0x00007ffeec478ba0:   0000600001fb76c0 0000600001fb76c0
0x00007ffeec478bb0:   0000000104c8de58 00007fff75041680
0x00007ffeec478bc0:   0000000146638000 00007fff75041680
0x00007ffeec478bd0:   00007ffeec478c00 00000001037b9d56
0x00007ffeec478be0:   0000000146638000 000000010563c210
0x00007ffeec478bf0:   00007ffeec478c10 00007ffeec478c10
0x00007ffeec478c00:   00007ffeec47a0e0 0000000103e81598
0x00007ffeec478c10:   0000006870617247 0000000000000000
0x00007ffeec478c20:   00002003ec478ca0 0000520700000000
0x00007ffeec478c30:   00007ffe00000000 00007ffeec478d08 

Instructions: (pc=0x00000001037b89a5)
0x00000001037b8985:   41 ff d6 48 8b 35 b1 7c 3a 01 31 d2 48 89 c7 41
0x00000001037b8995:   ff d6 48 8d 05 b2 da 3a 01 48 8b 00 48 8b 04 03
0x00000001037b89a5:   c7 80 00 2c 02 00 01 00 00 00 5b 41 5e 5d c3 66
0x00000001037b89b5:   2e 0f 1f 84 00 00 00 00 00 66 90 55 48 89 e5 41 

Stack slot to memory mapping:
stack at sp + 0 slots: 0x00007fc40fc7bf60 points into unknown readable memory: 47 2f 2b 02 00 e0 3d 00
stack at sp + 1 slots: 0x00007fc40fc7bf60 points into unknown readable memory: 47 2f 2b 02 00 e0 3d 00
stack at sp + 2 slots: 0x00007ffeec478a90 is pointing into the stack for thread: 0x00007fc40ea18800
stack at sp + 3 slots: 0x00007fff486d5066: -[NSSavePanel _didEndSheet:returnCode:contextInfo:]+0x60 in /System/Library/Frameworks/AppKit.framework/Versions/C/AppKit at 0x00007fff47f5a000
stack at sp + 4 slots: 0x00007fc40fc7bf60 points into unknown readable memory: 47 2f 2b 02 00 e0 3d 00
stack at sp + 5 slots: 0x00007fc40fc7bf60 points into unknown readable memory: 47 2f 2b 02 00 e0 3d 00
stack at sp + 6 slots: 0x00007fff75041680: objc_msgSend+0 in /usr/lib/libobjc.A.dylib at 0x00007fff7503b000
stack at sp + 7 slots: 0x00007fc40fc7bf60 points into unknown readable memory: 47 2f 2b 02 00 e0 3d 00


---------------  P R O C E S S  ---------------

Threads class SMR info:
_java_thread_list=0x0000600001191160, length=10, elements={
0x00007fc40985a800, 0x00007fc40b089800, 0x00007fc409918800, 0x00007fc40a032800,
0x00007fc4091f9800, 0x00007fc40c004800, 0x00007fc40992b800, 0x00007fc4098f6000,
0x00007fc409934000, 0x00007fc40ea18800
}

Java Threads: ( => current thread )
  0x00007fc40985a800 JavaThread "main" [_thread_in_native, id=16395, stack(0x000070000ce8c000,0x000070000cf0c000)]
  0x00007fc40b089800 JavaThread "Reference Handler" daemon [_thread_blocked, id=78339, stack(0x000070000d7b0000,0x000070000d9b0000)]
  0x00007fc409918800 JavaThread "Finalizer" daemon [_thread_blocked, id=49923, stack(0x000070000d9b3000,0x000070000dbb3000)]
  0x00007fc40a032800 JavaThread "Signal Dispatcher" daemon [_thread_blocked, id=50179, stack(0x000070000dbb6000,0x000070000ddb6000)]
  0x00007fc4091f9800 JavaThread "C2 CompilerThread0" daemon [_thread_blocked, id=76803, stack(0x000070000ddb9000,0x000070000deb9000)]
  0x00007fc40c004800 JavaThread "C1 CompilerThread0" daemon [_thread_blocked, id=51203, stack(0x000070000debc000,0x000070000dfbc000)]
  0x00007fc40992b800 JavaThread "Sweeper thread" daemon [_thread_blocked, id=76035, stack(0x000070000dfbf000,0x000070000e1bf000)]
  0x00007fc4098f6000 JavaThread "Service Thread" daemon [_thread_blocked, id=75267, stack(0x000070000e1c2000,0x000070000e3c2000)]
  0x00007fc409934000 JavaThread "Common-Cleaner" daemon [_thread_blocked, id=74755, stack(0x000070000e4c8000,0x000070000e6c8000)]
=>0x00007fc40ea18800 JavaThread "Thread-1" [_thread_in_native, id=775, stack(0x00007ffeebc8d000,0x00007ffeec48d000)]

Other Threads:
  0x00007fc40a03f000 VMThread "VM Thread" [stack: 0x000070000d6ad000,0x000070000d7ad000] [id=49767]
  0x00007fc40992a800 WatcherThread [stack: 0x000070000e3c5000,0x000070000e4c5000] [id=75011]
  0x00007fc40a045800 GCTaskThread "GC Thread#0" [stack: 0x000070000d19e000,0x000070000d29e000] [id=81411]
  0x00007fc40c000800 GCTaskThread "GC Thread#1" [stack: 0x000070000d098000,0x000070000d198000] [id=144051]
  0x00007fc40c001000 GCTaskThread "GC Thread#2" [stack: 0x000070000e6cb000,0x000070000e7cb000] [id=159519]
  0x00007fc40a3aa000 GCTaskThread "GC Thread#3" [stack: 0x000070000e7ce000,0x000070000e8ce000] [id=157235]
  0x00007fc40a4d3000 GCTaskThread "GC Thread#4" [stack: 0x000070000e8d1000,0x000070000e9d1000] [id=165447]
  0x00007fc40b3a0800 GCTaskThread "GC Thread#5" [stack: 0x000070000e9d4000,0x000070000ead4000] [id=104235]
  0x00007fc40a011000 ConcurrentGCThread "G1 Main Marker" [stack: 0x000070000d2a1000,0x000070000d3a1000] [id=80899]
  0x00007fc40a0b2000 ConcurrentGCThread "G1 Conc#0" [stack: 0x000070000d3a4000,0x000070000d4a4000] [id=49155]
  0x00007fc40a7b5800 ConcurrentGCThread "G1 Conc#1" [stack: 0x000070000cf0f000,0x000070000d00f000] [id=185935]
  0x00007fc4098ed000 ConcurrentGCThread "G1 Refine#0" [stack: 0x000070000d4a7000,0x000070000d5a7000] [id=79643]
  0x00007fc40a63f000 ConcurrentGCThread "G1 Refine#1" [stack: 0x000070000ead7000,0x000070000ebd7000] [id=173419]
  0x00007fc4098ed800 ConcurrentGCThread "G1 Young RemSet Sampling" [stack: 0x000070000d5aa000,0x000070000d6aa000] [id=79363]

Threads with active compile tasks:

VM state:not at safepoint (normal execution)

VM Mutex/Monitor currently owned by a thread: None

Heap address: 0x0000000780000000, size: 2048 MB, Compressed Oops mode: Zero based, Oop shift amount: 3
Narrow klass base: 0x0000000800000000, Narrow klass shift: 0
Compressed class space size: 1073741824 Address: 0x0000000800000000

Heap:
 garbage-first heap   total 262144K, used 166538K [0x0000000780000000, 0x0000000800000000)
  region size 1024K, 68 young (69632K), 1 survivors (1024K)
 Metaspace       used 14289K, capacity 14624K, committed 15104K, reserved 1062912K
  class space    used 1548K, capacity 1681K, committed 1792K, reserved 1048576K
Heap Regions: E=young(eden), S=young(survivor), O=old, HS=humongous(starts), HC=humongous(continues), CS=collection set, F=free, A=archive, TAMS=top-at-mark-start (previous, next)
|   0|0x0000000780000000, 0x0000000780100000, 0x0000000780100000|100%|HS|  |TAMS 0x0000000780100000, 0x0000000780000000| Complete 
|   1|0x0000000780100000, 0x0000000780200000, 0x0000000780200000|100%| O|  |TAMS 0x0000000780200000, 0x0000000780100000| Untracked 
|   2|0x0000000780200000, 0x0000000780300000, 0x0000000780300000|100%|HS|  |TAMS 0x0000000780300000, 0x0000000780200000| Complete 
|   3|0x0000000780300000, 0x0000000780400000, 0x0000000780400000|100%|HC|  |TAMS 0x0000000780400000, 0x0000000780300000| Complete 
|   4|0x0000000780400000, 0x0000000780500000, 0x0000000780500000|100%|HS|  |TAMS 0x0000000780400000, 0x0000000780400000| Complete 
|   5|0x0000000780500000, 0x0000000780600000, 0x0000000780600000|100%|HC|  |TAMS 0x0000000780500000, 0x0000000780500000| Complete 
|   6|0x0000000780600000, 0x0000000780700000, 0x0000000780700000|100%|HC|  |TAMS 0x0000000780600000, 0x0000000780600000| Complete 
|   7|0x0000000780700000, 0x0000000780800000, 0x0000000780800000|100%|HC|  |TAMS 0x0000000780700000, 0x0000000780700000| Complete 
|   8|0x0000000780800000, 0x0000000780900000, 0x0000000780900000|100%|HC|  |TAMS 0x0000000780800000, 0x0000000780800000| Complete 
|   9|0x0000000780900000, 0x0000000780a00000, 0x0000000780a00000|100%|HS|  |TAMS 0x0000000780900000, 0x0000000780900000| Complete 
|  10|0x0000000780a00000, 0x0000000780b00000, 0x0000000780b00000|100%|HC|  |TAMS 0x0000000780a00000, 0x0000000780a00000| Complete 
|  11|0x0000000780b00000, 0x0000000780c00000, 0x0000000780c00000|100%|HC|  |TAMS 0x0000000780b00000, 0x0000000780b00000| Complete 
|  12|0x0000000780c00000, 0x0000000780d00000, 0x0000000780d00000|100%|HC|  |TAMS 0x0000000780c00000, 0x0000000780c00000| Complete 
|  13|0x0000000780d00000, 0x0000000780e00000, 0x0000000780e00000|100%|HC|  |TAMS 0x0000000780d00000, 0x0000000780d00000| Complete 
|  14|0x0000000780e00000, 0x0000000780f00000, 0x0000000780f00000|100%|HS|  |TAMS 0x0000000780e00000, 0x0000000780e00000| Complete 
|  15|0x0000000780f00000, 0x0000000781000000, 0x0000000781000000|100%|HC|  |TAMS 0x0000000780f00000, 0x0000000780f00000| Complete 
|  16|0x0000000781000000, 0x0000000781100000, 0x0000000781100000|100%|HC|  |TAMS 0x0000000781000000, 0x0000000781000000| Complete 
|  17|0x0000000781100000, 0x0000000781200000, 0x0000000781200000|100%|HC|  |TAMS 0x0000000781100000, 0x0000000781100000| Complete 
|  18|0x0000000781200000, 0x0000000781300000, 0x0000000781300000|100%|HC|  |TAMS 0x0000000781200000, 0x0000000781200000| Complete 
|  19|0x0000000781300000, 0x0000000781400000, 0x0000000781400000|100%| O|  |TAMS 0x0000000781400000, 0x0000000781300000| Untracked 
|  20|0x0000000781400000, 0x0000000781500000, 0x0000000781500000|100%| O|  |TAMS 0x0000000781500000, 0x0000000781400000| Untracked 
|  21|0x0000000781500000, 0x0000000781600000, 0x0000000781600000|100%| O|  |TAMS 0x0000000781600000, 0x0000000781500000| Untracked 
|  22|0x0000000781600000, 0x0000000781700000, 0x0000000781700000|100%|HS|  |TAMS 0x0000000781600000, 0x0000000781600000| Complete 
|  23|0x0000000781700000, 0x0000000781800000, 0x0000000781800000|100%|HC|  |TAMS 0x0000000781700000, 0x0000000781700000| Complete 
|  24|0x0000000781800000, 0x0000000781900000, 0x0000000781900000|100%|HC|  |TAMS 0x0000000781800000, 0x0000000781800000| Complete 
|  25|0x0000000781900000, 0x0000000781a00000, 0x0000000781a00000|100%|HC|  |TAMS 0x0000000781900000, 0x0000000781900000| Complete 
|  26|0x0000000781a00000, 0x0000000781b00000, 0x0000000781b00000|100%|HC|  |TAMS 0x0000000781a00000, 0x0000000781a00000| Complete 
|  27|0x0000000781b00000, 0x0000000781c00000, 0x0000000781c00000|100%|HS|  |TAMS 0x0000000781b00000, 0x0000000781b00000| Complete 
|  28|0x0000000781c00000, 0x0000000781d00000, 0x0000000781d00000|100%|HC|  |TAMS 0x0000000781c00000, 0x0000000781c00000| Complete 
|  29|0x0000000781d00000, 0x0000000781e00000, 0x0000000781e00000|100%|HC|  |TAMS 0x0000000781d00000, 0x0000000781d00000| Complete 
|  30|0x0000000781e00000, 0x0000000781f00000, 0x0000000781f00000|100%|HC|  |TAMS 0x0000000781e00000, 0x0000000781e00000| Complete 
|  31|0x0000000781f00000, 0x0000000782000000, 0x0000000782000000|100%|HC|  |TAMS 0x0000000781f00000, 0x0000000781f00000| Complete 
|  32|0x0000000782000000, 0x0000000782100000, 0x0000000782100000|100%|HS|  |TAMS 0x0000000782000000, 0x0000000782000000| Complete 
|  33|0x0000000782100000, 0x0000000782200000, 0x0000000782200000|100%|HC|  |TAMS 0x0000000782100000, 0x0000000782100000| Complete 
|  34|0x0000000782200000, 0x0000000782300000, 0x0000000782300000|100%|HC|  |TAMS 0x0000000782200000, 0x0000000782200000| Complete 
|  35|0x0000000782300000, 0x0000000782400000, 0x0000000782400000|100%|HC|  |TAMS 0x0000000782300000, 0x0000000782300000| Complete 
|  36|0x0000000782400000, 0x0000000782500000, 0x0000000782500000|100%|HC|  |TAMS 0x0000000782400000, 0x0000000782400000| Complete 
|  37|0x0000000782500000, 0x0000000782600000, 0x0000000782600000|100%|HS|  |TAMS 0x0000000782500000, 0x0000000782500000| Complete 
|  38|0x0000000782600000, 0x0000000782700000, 0x0000000782700000|100%|HC|  |TAMS 0x0000000782600000, 0x0000000782600000| Complete 
|  39|0x0000000782700000, 0x0000000782800000, 0x0000000782800000|100%|HC|  |TAMS 0x0000000782700000, 0x0000000782700000| Complete 
|  40|0x0000000782800000, 0x0000000782900000, 0x0000000782900000|100%|HC|  |TAMS 0x0000000782800000, 0x0000000782800000| Complete 
|  41|0x0000000782900000, 0x0000000782a00000, 0x0000000782a00000|100%|HC|  |TAMS 0x0000000782900000, 0x0000000782900000| Complete 
|  42|0x0000000782a00000, 0x0000000782b00000, 0x0000000782b00000|100%|HS|  |TAMS 0x0000000782a00000, 0x0000000782a00000| Complete 
|  43|0x0000000782b00000, 0x0000000782c00000, 0x0000000782c00000|100%|HC|  |TAMS 0x0000000782b00000, 0x0000000782b00000| Complete 
|  44|0x0000000782c00000, 0x0000000782d00000, 0x0000000782d00000|100%|HC|  |TAMS 0x0000000782c00000, 0x0000000782c00000| Complete 
|  45|0x0000000782d00000, 0x0000000782e00000, 0x0000000782e00000|100%|HC|  |TAMS 0x0000000782d00000, 0x0000000782d00000| Complete 
|  46|0x0000000782e00000, 0x0000000782f00000, 0x0000000782f00000|100%|HC|  |TAMS 0x0000000782e00000, 0x0000000782e00000| Complete 
|  47|0x0000000782f00000, 0x0000000783000000, 0x0000000783000000|100%|HS|  |TAMS 0x0000000782f00000, 0x0000000782f00000| Complete 
|  48|0x0000000783000000, 0x0000000783100000, 0x0000000783100000|100%|HC|  |TAMS 0x0000000783000000, 0x0000000783000000| Complete 
|  49|0x0000000783100000, 0x0000000783200000, 0x0000000783200000|100%|HC|  |TAMS 0x0000000783100000, 0x0000000783100000| Complete 
|  50|0x0000000783200000, 0x0000000783300000, 0x0000000783300000|100%|HC|  |TAMS 0x0000000783200000, 0x0000000783200000| Complete 
|  51|0x0000000783300000, 0x0000000783400000, 0x0000000783400000|100%|HC|  |TAMS 0x0000000783300000, 0x0000000783300000| Complete 
|  52|0x0000000783400000, 0x0000000783500000, 0x0000000783500000|100%|HS|  |TAMS 0x0000000783400000, 0x0000000783400000| Complete 
|  53|0x0000000783500000, 0x0000000783600000, 0x0000000783600000|100%|HC|  |TAMS 0x0000000783500000, 0x0000000783500000| Complete 
|  54|0x0000000783600000, 0x0000000783700000, 0x0000000783700000|100%|HC|  |TAMS 0x0000000783600000, 0x0000000783600000| Complete 
|  55|0x0000000783700000, 0x0000000783800000, 0x0000000783800000|100%|HC|  |TAMS 0x0000000783700000, 0x0000000783700000| Complete 
|  56|0x0000000783800000, 0x0000000783900000, 0x0000000783900000|100%|HC|  |TAMS 0x0000000783800000, 0x0000000783800000| Complete 
|  57|0x0000000783900000, 0x0000000783a00000, 0x0000000783a00000|100%|HS|  |TAMS 0x0000000783900000, 0x0000000783900000| Complete 
|  58|0x0000000783a00000, 0x0000000783b00000, 0x0000000783b00000|100%|HC|  |TAMS 0x0000000783a00000, 0x0000000783a00000| Complete 
|  59|0x0000000783b00000, 0x0000000783c00000, 0x0000000783c00000|100%|HC|  |TAMS 0x0000000783b00000, 0x0000000783b00000| Complete 
|  60|0x0000000783c00000, 0x0000000783d00000, 0x0000000783d00000|100%|HC|  |TAMS 0x0000000783c00000, 0x0000000783c00000| Complete 
|  61|0x0000000783d00000, 0x0000000783e00000, 0x0000000783e00000|100%|HC|  |TAMS 0x0000000783d00000, 0x0000000783d00000| Complete 
|  62|0x0000000783e00000, 0x0000000783f00000, 0x0000000783f00000|100%|HS|  |TAMS 0x0000000783e00000, 0x0000000783e00000| Complete 
|  63|0x0000000783f00000, 0x0000000784000000, 0x0000000784000000|100%|HC|  |TAMS 0x0000000783f00000, 0x0000000783f00000| Complete 
|  64|0x0000000784000000, 0x0000000784100000, 0x0000000784100000|100%|HC|  |TAMS 0x0000000784000000, 0x0000000784000000| Complete 
|  65|0x0000000784100000, 0x0000000784200000, 0x0000000784200000|100%|HC|  |TAMS 0x0000000784100000, 0x0000000784100000| Complete 
|  66|0x0000000784200000, 0x0000000784300000, 0x0000000784300000|100%|HC|  |TAMS 0x0000000784200000, 0x0000000784200000| Complete 
|  67|0x0000000784300000, 0x0000000784400000, 0x0000000784400000|100%|HS|  |TAMS 0x0000000784300000, 0x0000000784300000| Complete 
|  68|0x0000000784400000, 0x0000000784500000, 0x0000000784500000|100%|HC|  |TAMS 0x0000000784400000, 0x0000000784400000| Complete 
|  69|0x0000000784500000, 0x0000000784600000, 0x0000000784600000|100%|HC|  |TAMS 0x0000000784500000, 0x0000000784500000| Complete 
|  70|0x0000000784600000, 0x0000000784700000, 0x0000000784700000|100%|HC|  |TAMS 0x0000000784600000, 0x0000000784600000| Complete 
|  71|0x0000000784700000, 0x0000000784800000, 0x0000000784800000|100%|HC|  |TAMS 0x0000000784700000, 0x0000000784700000| Complete 
|  72|0x0000000784800000, 0x000000078489ea00, 0x0000000784900000| 61%| O|  |TAMS 0x000000078489ea00, 0x0000000784800000| Untracked 
|  73|0x0000000784900000, 0x0000000784a00000, 0x0000000784a00000|100%|HS|  |TAMS 0x0000000784900000, 0x0000000784900000| Complete 
|  74|0x0000000784a00000, 0x0000000784b00000, 0x0000000784b00000|100%|HC|  |TAMS 0x0000000784a00000, 0x0000000784a00000| Complete 
|  75|0x0000000784b00000, 0x0000000784c00000, 0x0000000784c00000|100%|HC|  |TAMS 0x0000000784b00000, 0x0000000784b00000| Complete 
|  76|0x0000000784c00000, 0x0000000784d00000, 0x0000000784d00000|100%|HC|  |TAMS 0x0000000784c00000, 0x0000000784c00000| Complete 
|  77|0x0000000784d00000, 0x0000000784e00000, 0x0000000784e00000|100%|HC|  |TAMS 0x0000000784d00000, 0x0000000784d00000| Complete 
|  78|0x0000000784e00000, 0x0000000784f00000, 0x0000000784f00000|100%|HS|  |TAMS 0x0000000784e00000, 0x0000000784e00000| Complete 
|  79|0x0000000784f00000, 0x0000000785000000, 0x0000000785000000|100%|HC|  |TAMS 0x0000000784f00000, 0x0000000784f00000| Complete 
|  80|0x0000000785000000, 0x0000000785100000, 0x0000000785100000|100%|HC|  |TAMS 0x0000000785000000, 0x0000000785000000| Complete 
|  81|0x0000000785100000, 0x0000000785200000, 0x0000000785200000|100%|HC|  |TAMS 0x0000000785100000, 0x0000000785100000| Complete 
|  82|0x0000000785200000, 0x0000000785300000, 0x0000000785300000|100%|HC|  |TAMS 0x0000000785200000, 0x0000000785200000| Complete 
|  83|0x0000000785300000, 0x0000000785400000, 0x0000000785400000|100%|HS|  |TAMS 0x0000000785300000, 0x0000000785300000| Complete 
|  84|0x0000000785400000, 0x0000000785500000, 0x0000000785500000|100%|HC|  |TAMS 0x0000000785400000, 0x0000000785400000| Complete 
|  85|0x0000000785500000, 0x0000000785600000, 0x0000000785600000|100%|HC|  |TAMS 0x0000000785500000, 0x0000000785500000| Complete 
|  86|0x0000000785600000, 0x0000000785700000, 0x0000000785700000|100%|HC|  |TAMS 0x0000000785600000, 0x0000000785600000| Complete 
|  87|0x0000000785700000, 0x0000000785800000, 0x0000000785800000|100%|HC|  |TAMS 0x0000000785700000, 0x0000000785700000| Complete 
|  88|0x0000000785800000, 0x0000000785900000, 0x0000000785900000|100%|HS|  |TAMS 0x0000000785800000, 0x0000000785800000| Complete 
|  89|0x0000000785900000, 0x0000000785a00000, 0x0000000785a00000|100%|HC|  |TAMS 0x0000000785900000, 0x0000000785900000| Complete 
|  90|0x0000000785a00000, 0x0000000785b00000, 0x0000000785b00000|100%|HC|  |TAMS 0x0000000785a00000, 0x0000000785a00000| Complete 
|  91|0x0000000785b00000, 0x0000000785c00000, 0x0000000785c00000|100%|HC|  |TAMS 0x0000000785b00000, 0x0000000785b00000| Complete 
|  92|0x0000000785c00000, 0x0000000785d00000, 0x0000000785d00000|100%|HC|  |TAMS 0x0000000785c00000, 0x0000000785c00000| Complete 
|  93|0x0000000785d00000, 0x0000000785e00000, 0x0000000785e00000|100%|HS|  |TAMS 0x0000000785d00000, 0x0000000785d00000| Complete 
|  94|0x0000000785e00000, 0x0000000785f00000, 0x0000000785f00000|100%|HC|  |TAMS 0x0000000785e00000, 0x0000000785e00000| Complete 
|  95|0x0000000785f00000, 0x0000000786000000, 0x0000000786000000|100%|HC|  |TAMS 0x0000000785f00000, 0x0000000785f00000| Complete 
|  96|0x0000000786000000, 0x0000000786100000, 0x0000000786100000|100%|HC|  |TAMS 0x0000000786000000, 0x0000000786000000| Complete 
|  97|0x0000000786100000, 0x0000000786200000, 0x0000000786200000|100%|HC|  |TAMS 0x0000000786100000, 0x0000000786100000| Complete 
|  98|0x0000000786200000, 0x0000000786200000, 0x0000000786300000|  0%| F|  |TAMS 0x0000000786200000, 0x0000000786200000| Untracked 
|  99|0x0000000786300000, 0x0000000786300000, 0x0000000786400000|  0%| F|  |TAMS 0x0000000786300000, 0x0000000786300000| Untracked 
| 100|0x0000000786400000, 0x0000000786400000, 0x0000000786500000|  0%| F|  |TAMS 0x0000000786400000, 0x0000000786400000| Untracked 
| 101|0x0000000786500000, 0x0000000786500000, 0x0000000786600000|  0%| F|  |TAMS 0x0000000786500000, 0x0000000786500000| Untracked 
| 102|0x0000000786600000, 0x0000000786600000, 0x0000000786700000|  0%| F|  |TAMS 0x0000000786600000, 0x0000000786600000| Untracked 
| 103|0x0000000786700000, 0x0000000786700000, 0x0000000786800000|  0%| F|  |TAMS 0x0000000786700000, 0x0000000786700000| Untracked 
| 104|0x0000000786800000, 0x0000000786800000, 0x0000000786900000|  0%| F|  |TAMS 0x0000000786800000, 0x0000000786800000| Untracked 
| 105|0x0000000786900000, 0x0000000786900000, 0x0000000786a00000|  0%| F|  |TAMS 0x0000000786900000, 0x0000000786900000| Untracked 
| 106|0x0000000786a00000, 0x0000000786a00000, 0x0000000786b00000|  0%| F|  |TAMS 0x0000000786a00000, 0x0000000786a00000| Untracked 
| 107|0x0000000786b00000, 0x0000000786b00000, 0x0000000786c00000|  0%| F|  |TAMS 0x0000000786b00000, 0x0000000786b00000| Untracked 
| 108|0x0000000786c00000, 0x0000000786c00000, 0x0000000786d00000|  0%| F|  |TAMS 0x0000000786c00000, 0x0000000786c00000| Untracked 
| 109|0x0000000786d00000, 0x0000000786d00000, 0x0000000786e00000|  0%| F|  |TAMS 0x0000000786d00000, 0x0000000786d00000| Untracked 
| 110|0x0000000786e00000, 0x0000000786e00000, 0x0000000786f00000|  0%| F|  |TAMS 0x0000000786e00000, 0x0000000786e00000| Untracked 
| 111|0x0000000786f00000, 0x0000000786f00000, 0x0000000787000000|  0%| F|  |TAMS 0x0000000786f00000, 0x0000000786f00000| Untracked 
| 112|0x0000000787000000, 0x0000000787000000, 0x0000000787100000|  0%| F|  |TAMS 0x0000000787000000, 0x0000000787000000| Untracked 
| 113|0x0000000787100000, 0x0000000787100000, 0x0000000787200000|  0%| F|  |TAMS 0x0000000787100000, 0x0000000787100000| Untracked 
| 114|0x0000000787200000, 0x0000000787200000, 0x0000000787300000|  0%| F|  |TAMS 0x0000000787200000, 0x0000000787200000| Untracked 
| 115|0x0000000787300000, 0x0000000787300000, 0x0000000787400000|  0%| F|  |TAMS 0x0000000787300000, 0x0000000787300000| Untracked 
| 116|0x0000000787400000, 0x0000000787400000, 0x0000000787500000|  0%| F|  |TAMS 0x0000000787400000, 0x0000000787400000| Untracked 
| 117|0x0000000787500000, 0x0000000787500000, 0x0000000787600000|  0%| F|  |TAMS 0x0000000787500000, 0x0000000787500000| Untracked 
| 118|0x0000000787600000, 0x0000000787600000, 0x0000000787700000|  0%| F|  |TAMS 0x0000000787600000, 0x0000000787600000| Untracked 
| 119|0x0000000787700000, 0x0000000787700000, 0x0000000787800000|  0%| F|  |TAMS 0x0000000787700000, 0x0000000787700000| Untracked 
| 120|0x0000000787800000, 0x0000000787800000, 0x0000000787900000|  0%| F|  |TAMS 0x0000000787800000, 0x0000000787800000| Untracked 
| 121|0x0000000787900000, 0x0000000787900000, 0x0000000787a00000|  0%| F|  |TAMS 0x0000000787900000, 0x0000000787900000| Untracked 
| 122|0x0000000787a00000, 0x0000000787a00000, 0x0000000787b00000|  0%| F|  |TAMS 0x0000000787a00000, 0x0000000787a00000| Untracked 
| 123|0x0000000787b00000, 0x0000000787b00000, 0x0000000787c00000|  0%| F|  |TAMS 0x0000000787b00000, 0x0000000787b00000| Untracked 
| 124|0x0000000787c00000, 0x0000000787c00000, 0x0000000787d00000|  0%| F|  |TAMS 0x0000000787c00000, 0x0000000787c00000| Untracked 
| 125|0x0000000787d00000, 0x0000000787d00000, 0x0000000787e00000|  0%| F|  |TAMS 0x0000000787d00000, 0x0000000787d00000| Untracked 
| 126|0x0000000787e00000, 0x0000000787e00000, 0x0000000787f00000|  0%| F|  |TAMS 0x0000000787e00000, 0x0000000787e00000| Untracked 
| 127|0x0000000787f00000, 0x0000000787f00000, 0x0000000788000000|  0%| F|  |TAMS 0x0000000787f00000, 0x0000000787f00000| Untracked 
| 128|0x0000000788000000, 0x0000000788000000, 0x0000000788100000|  0%| F|  |TAMS 0x0000000788000000, 0x0000000788000000| Untracked 
| 129|0x0000000788100000, 0x0000000788100000, 0x0000000788200000|  0%| F|  |TAMS 0x0000000788100000, 0x0000000788100000| Untracked 
| 130|0x0000000788200000, 0x0000000788200000, 0x0000000788300000|  0%| F|  |TAMS 0x0000000788200000, 0x0000000788200000| Untracked 
| 131|0x0000000788300000, 0x0000000788300000, 0x0000000788400000|  0%| F|  |TAMS 0x0000000788300000, 0x0000000788300000| Untracked 
| 132|0x0000000788400000, 0x0000000788400000, 0x0000000788500000|  0%| F|  |TAMS 0x0000000788400000, 0x0000000788400000| Untracked 
| 133|0x0000000788500000, 0x0000000788500000, 0x0000000788600000|  0%| F|  |TAMS 0x0000000788500000, 0x0000000788500000| Untracked 
| 134|0x0000000788600000, 0x0000000788600000, 0x0000000788700000|  0%| F|  |TAMS 0x0000000788600000, 0x0000000788600000| Untracked 
| 135|0x0000000788700000, 0x0000000788700000, 0x0000000788800000|  0%| F|  |TAMS 0x0000000788700000, 0x0000000788700000| Untracked 
| 136|0x0000000788800000, 0x0000000788800000, 0x0000000788900000|  0%| F|  |TAMS 0x0000000788800000, 0x0000000788800000| Untracked 
| 137|0x0000000788900000, 0x0000000788900000, 0x0000000788a00000|  0%| F|  |TAMS 0x0000000788900000, 0x0000000788900000| Untracked 
| 138|0x0000000788a00000, 0x0000000788a00000, 0x0000000788b00000|  0%| F|  |TAMS 0x0000000788a00000, 0x0000000788a00000| Untracked 
| 139|0x0000000788b00000, 0x0000000788b00000, 0x0000000788c00000|  0%| F|  |TAMS 0x0000000788b00000, 0x0000000788b00000| Untracked 
| 140|0x0000000788c00000, 0x0000000788c00000, 0x0000000788d00000|  0%| F|  |TAMS 0x0000000788c00000, 0x0000000788c00000| Untracked 
| 141|0x0000000788d00000, 0x0000000788d00000, 0x0000000788e00000|  0%| F|  |TAMS 0x0000000788d00000, 0x0000000788d00000| Untracked 
| 142|0x0000000788e00000, 0x0000000788e00000, 0x0000000788f00000|  0%| F|  |TAMS 0x0000000788e00000, 0x0000000788e00000| Untracked 
| 143|0x0000000788f00000, 0x0000000788f00000, 0x0000000789000000|  0%| F|  |TAMS 0x0000000788f00000, 0x0000000788f00000| Untracked 
| 144|0x0000000789000000, 0x0000000789000000, 0x0000000789100000|  0%| F|  |TAMS 0x0000000789000000, 0x0000000789000000| Untracked 
| 145|0x0000000789100000, 0x0000000789100000, 0x0000000789200000|  0%| F|  |TAMS 0x0000000789100000, 0x0000000789100000| Untracked 
| 146|0x0000000789200000, 0x0000000789200000, 0x0000000789300000|  0%| F|  |TAMS 0x0000000789200000, 0x0000000789200000| Untracked 
| 147|0x0000000789300000, 0x0000000789300000, 0x0000000789400000|  0%| F|  |TAMS 0x0000000789300000, 0x0000000789300000| Untracked 
| 148|0x0000000789400000, 0x0000000789400000, 0x0000000789500000|  0%| F|  |TAMS 0x0000000789400000, 0x0000000789400000| Untracked 
| 149|0x0000000789500000, 0x0000000789500000, 0x0000000789600000|  0%| F|  |TAMS 0x0000000789500000, 0x0000000789500000| Untracked 
| 150|0x0000000789600000, 0x0000000789600000, 0x0000000789700000|  0%| F|  |TAMS 0x0000000789600000, 0x0000000789600000| Untracked 
| 151|0x0000000789700000, 0x0000000789700000, 0x0000000789800000|  0%| F|  |TAMS 0x0000000789700000, 0x0000000789700000| Untracked 
| 152|0x0000000789800000, 0x0000000789800000, 0x0000000789900000|  0%| F|  |TAMS 0x0000000789800000, 0x0000000789800000| Untracked 
| 153|0x0000000789900000, 0x0000000789900000, 0x0000000789a00000|  0%| F|  |TAMS 0x0000000789900000, 0x0000000789900000| Untracked 
| 154|0x0000000789a00000, 0x0000000789a00000, 0x0000000789b00000|  0%| F|  |TAMS 0x0000000789a00000, 0x0000000789a00000| Untracked 
| 155|0x0000000789b00000, 0x0000000789b00000, 0x0000000789c00000|  0%| F|  |TAMS 0x0000000789b00000, 0x0000000789b00000| Untracked 
| 156|0x0000000789c00000, 0x0000000789c00000, 0x0000000789d00000|  0%| F|  |TAMS 0x0000000789c00000, 0x0000000789c00000| Untracked 
| 157|0x0000000789d00000, 0x0000000789d00000, 0x0000000789e00000|  0%| F|  |TAMS 0x0000000789d00000, 0x0000000789d00000| Untracked 
| 158|0x0000000789e00000, 0x0000000789e00000, 0x0000000789f00000|  0%| F|  |TAMS 0x0000000789e00000, 0x0000000789e00000| Untracked 
| 159|0x0000000789f00000, 0x0000000789f00000, 0x000000078a000000|  0%| F|  |TAMS 0x0000000789f00000, 0x0000000789f00000| Untracked 
| 160|0x000000078a000000, 0x000000078a000000, 0x000000078a100000|  0%| F|  |TAMS 0x000000078a000000, 0x000000078a000000| Untracked 
| 161|0x000000078a100000, 0x000000078a100000, 0x000000078a200000|  0%| F|  |TAMS 0x000000078a100000, 0x000000078a100000| Untracked 
| 162|0x000000078a200000, 0x000000078a200000, 0x000000078a300000|  0%| F|  |TAMS 0x000000078a200000, 0x000000078a200000| Untracked 
| 163|0x000000078a300000, 0x000000078a300000, 0x000000078a400000|  0%| F|  |TAMS 0x000000078a300000, 0x000000078a300000| Untracked 
| 164|0x000000078a400000, 0x000000078a400000, 0x000000078a500000|  0%| F|  |TAMS 0x000000078a400000, 0x000000078a400000| Untracked 
| 165|0x000000078a500000, 0x000000078a500000, 0x000000078a600000|  0%| F|  |TAMS 0x000000078a500000, 0x000000078a500000| Untracked 
| 166|0x000000078a600000, 0x000000078a600000, 0x000000078a700000|  0%| F|  |TAMS 0x000000078a600000, 0x000000078a600000| Untracked 
| 167|0x000000078a700000, 0x000000078a700000, 0x000000078a800000|  0%| F|  |TAMS 0x000000078a700000, 0x000000078a700000| Untracked 
| 168|0x000000078a800000, 0x000000078a800000, 0x000000078a900000|  0%| F|  |TAMS 0x000000078a800000, 0x000000078a800000| Untracked 
| 169|0x000000078a900000, 0x000000078a900000, 0x000000078aa00000|  0%| F|  |TAMS 0x000000078a900000, 0x000000078a900000| Untracked 
| 170|0x000000078aa00000, 0x000000078aa00000, 0x000000078ab00000|  0%| F|  |TAMS 0x000000078aa00000, 0x000000078aa00000| Untracked 
| 171|0x000000078ab00000, 0x000000078ab00000, 0x000000078ac00000|  0%| F|  |TAMS 0x000000078ab00000, 0x000000078ab00000| Untracked 
| 172|0x000000078ac00000, 0x000000078ac00000, 0x000000078ad00000|  0%| F|  |TAMS 0x000000078ac00000, 0x000000078ac00000| Untracked 
| 173|0x000000078ad00000, 0x000000078ad00000, 0x000000078ae00000|  0%| F|  |TAMS 0x000000078ad00000, 0x000000078ad00000| Untracked 
| 174|0x000000078ae00000, 0x000000078ae04080, 0x000000078af00000|  1%| S|CS|TAMS 0x000000078ae00000, 0x000000078ae00000| Complete 
| 175|0x000000078af00000, 0x000000078af00000, 0x000000078b000000|  0%| F|  |TAMS 0x000000078af00000, 0x000000078af00000| Untracked 
| 176|0x000000078b000000, 0x000000078b000000, 0x000000078b100000|  0%| F|  |TAMS 0x000000078b000000, 0x000000078b000000| Untracked 
| 177|0x000000078b100000, 0x000000078b100000, 0x000000078b200000|  0%| F|  |TAMS 0x000000078b100000, 0x000000078b100000| Untracked 
| 178|0x000000078b200000, 0x000000078b200000, 0x000000078b300000|  0%| F|  |TAMS 0x000000078b200000, 0x000000078b200000| Untracked 
| 179|0x000000078b300000, 0x000000078b300000, 0x000000078b400000|  0%| F|  |TAMS 0x000000078b300000, 0x000000078b300000| Untracked 
| 180|0x000000078b400000, 0x000000078b400000, 0x000000078b500000|  0%| F|  |TAMS 0x000000078b400000, 0x000000078b400000| Untracked 
| 181|0x000000078b500000, 0x000000078b500000, 0x000000078b600000|  0%| F|  |TAMS 0x000000078b500000, 0x000000078b500000| Untracked 
| 182|0x000000078b600000, 0x000000078b600000, 0x000000078b700000|  0%| F|  |TAMS 0x000000078b600000, 0x000000078b600000| Untracked 
| 183|0x000000078b700000, 0x000000078b700000, 0x000000078b800000|  0%| F|  |TAMS 0x000000078b700000, 0x000000078b700000| Untracked 
| 184|0x000000078b800000, 0x000000078b800000, 0x000000078b900000|  0%| F|  |TAMS 0x000000078b800000, 0x000000078b800000| Untracked 
| 185|0x000000078b900000, 0x000000078b900000, 0x000000078ba00000|  0%| F|  |TAMS 0x000000078b900000, 0x000000078b900000| Untracked 
| 186|0x000000078ba00000, 0x000000078ba00000, 0x000000078bb00000|  0%| F|  |TAMS 0x000000078ba00000, 0x000000078ba00000| Untracked 
| 187|0x000000078bb00000, 0x000000078bb00000, 0x000000078bc00000|  0%| F|  |TAMS 0x000000078bb00000, 0x000000078bb00000| Untracked 
| 188|0x000000078bc00000, 0x000000078bc00000, 0x000000078bd00000|  0%| F|  |TAMS 0x000000078bc00000, 0x000000078bc00000| Untracked 
| 189|0x000000078bd00000, 0x000000078bd80800, 0x000000078be00000| 50%| E|  |TAMS 0x000000078bd00000, 0x000000078bd00000| Complete 
| 190|0x000000078be00000, 0x000000078bf00000, 0x000000078bf00000|100%| E|CS|TAMS 0x000000078be00000, 0x000000078be00000| Complete 
| 191|0x000000078bf00000, 0x000000078c000000, 0x000000078c000000|100%| E|CS|TAMS 0x000000078bf00000, 0x000000078bf00000| Complete 
| 192|0x000000078c000000, 0x000000078c100000, 0x000000078c100000|100%| E|CS|TAMS 0x000000078c000000, 0x000000078c000000| Complete 
| 193|0x000000078c100000, 0x000000078c200000, 0x000000078c200000|100%| E|CS|TAMS 0x000000078c100000, 0x000000078c100000| Complete 
| 194|0x000000078c200000, 0x000000078c300000, 0x000000078c300000|100%| E|CS|TAMS 0x000000078c200000, 0x000000078c200000| Complete 
| 195|0x000000078c300000, 0x000000078c400000, 0x000000078c400000|100%| E|CS|TAMS 0x000000078c300000, 0x000000078c300000| Complete 
| 196|0x000000078c400000, 0x000000078c500000, 0x000000078c500000|100%| E|CS|TAMS 0x000000078c400000, 0x000000078c400000| Complete 
| 197|0x000000078c500000, 0x000000078c600000, 0x000000078c600000|100%| E|CS|TAMS 0x000000078c500000, 0x000000078c500000| Complete 
| 198|0x000000078c600000, 0x000000078c700000, 0x000000078c700000|100%| E|CS|TAMS 0x000000078c600000, 0x000000078c600000| Complete 
| 199|0x000000078c700000, 0x000000078c800000, 0x000000078c800000|100%| E|CS|TAMS 0x000000078c700000, 0x000000078c700000| Complete 
| 200|0x000000078c800000, 0x000000078c900000, 0x000000078c900000|100%| E|CS|TAMS 0x000000078c800000, 0x000000078c800000| Complete 
| 201|0x000000078c900000, 0x000000078ca00000, 0x000000078ca00000|100%| E|CS|TAMS 0x000000078c900000, 0x000000078c900000| Complete 
| 202|0x000000078ca00000, 0x000000078cb00000, 0x000000078cb00000|100%| E|CS|TAMS 0x000000078ca00000, 0x000000078ca00000| Complete 
| 203|0x000000078cb00000, 0x000000078cc00000, 0x000000078cc00000|100%| E|CS|TAMS 0x000000078cb00000, 0x000000078cb00000| Complete 
| 204|0x000000078cc00000, 0x000000078cd00000, 0x000000078cd00000|100%| E|CS|TAMS 0x000000078cc00000, 0x000000078cc00000| Complete 
| 205|0x000000078cd00000, 0x000000078ce00000, 0x000000078ce00000|100%| E|CS|TAMS 0x000000078cd00000, 0x000000078cd00000| Complete 
| 206|0x000000078ce00000, 0x000000078cf00000, 0x000000078cf00000|100%| E|CS|TAMS 0x000000078ce00000, 0x000000078ce00000| Complete 
| 207|0x000000078cf00000, 0x000000078d000000, 0x000000078d000000|100%| E|CS|TAMS 0x000000078cf00000, 0x000000078cf00000| Complete 
| 208|0x000000078d000000, 0x000000078d100000, 0x000000078d100000|100%| E|CS|TAMS 0x000000078d000000, 0x000000078d000000| Complete 
| 209|0x000000078d100000, 0x000000078d200000, 0x000000078d200000|100%| E|CS|TAMS 0x000000078d100000, 0x000000078d100000| Complete 
| 210|0x000000078d200000, 0x000000078d300000, 0x000000078d300000|100%| E|CS|TAMS 0x000000078d200000, 0x000000078d200000| Complete 
| 211|0x000000078d300000, 0x000000078d400000, 0x000000078d400000|100%| E|CS|TAMS 0x000000078d300000, 0x000000078d300000| Complete 
| 212|0x000000078d400000, 0x000000078d500000, 0x000000078d500000|100%| E|CS|TAMS 0x000000078d400000, 0x000000078d400000| Complete 
| 213|0x000000078d500000, 0x000000078d600000, 0x000000078d600000|100%| E|CS|TAMS 0x000000078d500000, 0x000000078d500000| Complete 
| 214|0x000000078d600000, 0x000000078d700000, 0x000000078d700000|100%| E|CS|TAMS 0x000000078d600000, 0x000000078d600000| Complete 
| 215|0x000000078d700000, 0x000000078d800000, 0x000000078d800000|100%| E|CS|TAMS 0x000000078d700000, 0x000000078d700000| Complete 
| 216|0x000000078d800000, 0x000000078d900000, 0x000000078d900000|100%| E|CS|TAMS 0x000000078d800000, 0x000000078d800000| Complete 
| 217|0x000000078d900000, 0x000000078da00000, 0x000000078da00000|100%| E|CS|TAMS 0x000000078d900000, 0x000000078d900000| Complete 
| 218|0x000000078da00000, 0x000000078db00000, 0x000000078db00000|100%| E|CS|TAMS 0x000000078da00000, 0x000000078da00000| Complete 
| 219|0x000000078db00000, 0x000000078dc00000, 0x000000078dc00000|100%| E|CS|TAMS 0x000000078db00000, 0x000000078db00000| Complete 
| 220|0x000000078dc00000, 0x000000078dd00000, 0x000000078dd00000|100%| E|CS|TAMS 0x000000078dc00000, 0x000000078dc00000| Complete 
| 221|0x000000078dd00000, 0x000000078de00000, 0x000000078de00000|100%| E|CS|TAMS 0x000000078dd00000, 0x000000078dd00000| Complete 
| 222|0x000000078de00000, 0x000000078df00000, 0x000000078df00000|100%| E|CS|TAMS 0x000000078de00000, 0x000000078de00000| Complete 
| 223|0x000000078df00000, 0x000000078e000000, 0x000000078e000000|100%| E|CS|TAMS 0x000000078df00000, 0x000000078df00000| Complete 
| 224|0x000000078e000000, 0x000000078e100000, 0x000000078e100000|100%| E|CS|TAMS 0x000000078e000000, 0x000000078e000000| Complete 
| 225|0x000000078e100000, 0x000000078e200000, 0x000000078e200000|100%| E|CS|TAMS 0x000000078e100000, 0x000000078e100000| Complete 
| 226|0x000000078e200000, 0x000000078e300000, 0x000000078e300000|100%| E|  |TAMS 0x000000078e200000, 0x000000078e200000| Complete 
| 227|0x000000078e300000, 0x000000078e400000, 0x000000078e400000|100%| E|CS|TAMS 0x000000078e300000, 0x000000078e300000| Complete 
| 228|0x000000078e400000, 0x000000078e500000, 0x000000078e500000|100%| E|CS|TAMS 0x000000078e400000, 0x000000078e400000| Complete 
| 229|0x000000078e500000, 0x000000078e600000, 0x000000078e600000|100%| E|CS|TAMS 0x000000078e500000, 0x000000078e500000| Complete 
| 230|0x000000078e600000, 0x000000078e700000, 0x000000078e700000|100%| E|CS|TAMS 0x000000078e600000, 0x000000078e600000| Complete 
| 231|0x000000078e700000, 0x000000078e800000, 0x000000078e800000|100%| E|CS|TAMS 0x000000078e700000, 0x000000078e700000| Complete 
| 232|0x000000078e800000, 0x000000078e900000, 0x000000078e900000|100%| E|CS|TAMS 0x000000078e800000, 0x000000078e800000| Complete 
| 233|0x000000078e900000, 0x000000078ea00000, 0x000000078ea00000|100%| E|CS|TAMS 0x000000078e900000, 0x000000078e900000| Complete 
| 234|0x000000078ea00000, 0x000000078eb00000, 0x000000078eb00000|100%| E|CS|TAMS 0x000000078ea00000, 0x000000078ea00000| Complete 
| 235|0x000000078eb00000, 0x000000078ec00000, 0x000000078ec00000|100%| E|CS|TAMS 0x000000078eb00000, 0x000000078eb00000| Complete 
| 236|0x000000078ec00000, 0x000000078ed00000, 0x000000078ed00000|100%| E|CS|TAMS 0x000000078ec00000, 0x000000078ec00000| Complete 
| 237|0x000000078ed00000, 0x000000078ee00000, 0x000000078ee00000|100%| E|CS|TAMS 0x000000078ed00000, 0x000000078ed00000| Complete 
| 238|0x000000078ee00000, 0x000000078ef00000, 0x000000078ef00000|100%| E|CS|TAMS 0x000000078ee00000, 0x000000078ee00000| Complete 
| 239|0x000000078ef00000, 0x000000078f000000, 0x000000078f000000|100%| E|CS|TAMS 0x000000078ef00000, 0x000000078ef00000| Complete 
| 240|0x000000078f000000, 0x000000078f100000, 0x000000078f100000|100%| E|CS|TAMS 0x000000078f000000, 0x000000078f000000| Complete 
| 241|0x000000078f100000, 0x000000078f200000, 0x000000078f200000|100%| E|CS|TAMS 0x000000078f100000, 0x000000078f100000| Complete 
| 242|0x000000078f200000, 0x000000078f300000, 0x000000078f300000|100%| E|CS|TAMS 0x000000078f200000, 0x000000078f200000| Complete 
| 243|0x000000078f300000, 0x000000078f400000, 0x000000078f400000|100%| E|CS|TAMS 0x000000078f300000, 0x000000078f300000| Complete 
| 244|0x000000078f400000, 0x000000078f500000, 0x000000078f500000|100%| E|CS|TAMS 0x000000078f400000, 0x000000078f400000| Complete 
| 245|0x000000078f500000, 0x000000078f600000, 0x000000078f600000|100%| E|CS|TAMS 0x000000078f500000, 0x000000078f500000| Complete 
| 246|0x000000078f600000, 0x000000078f700000, 0x000000078f700000|100%| E|CS|TAMS 0x000000078f600000, 0x000000078f600000| Complete 
| 247|0x000000078f700000, 0x000000078f800000, 0x000000078f800000|100%| E|CS|TAMS 0x000000078f700000, 0x000000078f700000| Complete 
| 248|0x000000078f800000, 0x000000078f900000, 0x000000078f900000|100%| E|CS|TAMS 0x000000078f800000, 0x000000078f800000| Complete 
| 249|0x000000078f900000, 0x000000078fa00000, 0x000000078fa00000|100%| E|CS|TAMS 0x000000078f900000, 0x000000078f900000| Complete 
| 250|0x000000078fa00000, 0x000000078fb00000, 0x000000078fb00000|100%| E|CS|TAMS 0x000000078fa00000, 0x000000078fa00000| Complete 
| 251|0x000000078fb00000, 0x000000078fc00000, 0x000000078fc00000|100%| E|CS|TAMS 0x000000078fb00000, 0x000000078fb00000| Complete 
| 252|0x000000078fc00000, 0x000000078fd00000, 0x000000078fd00000|100%| E|CS|TAMS 0x000000078fc00000, 0x000000078fc00000| Complete 
| 253|0x000000078fd00000, 0x000000078fe00000, 0x000000078fe00000|100%| E|CS|TAMS 0x000000078fd00000, 0x000000078fd00000| Complete 
| 254|0x000000078fe00000, 0x000000078ff00000, 0x000000078ff00000|100%| E|CS|TAMS 0x000000078fe00000, 0x000000078fe00000| Complete 
| 255|0x000000078ff00000, 0x0000000790000000, 0x0000000790000000|100%| E|CS|TAMS 0x000000078ff00000, 0x000000078ff00000| Complete 

Card table byte_map: [0x0000000126eec000,0x00000001272ec000] _byte_map_base: 0x00000001232ec000

Marking Bits (Prev, Next): (CMBitMap*) 0x00007fc40a0c7a18, (CMBitMap*) 0x00007fc40a0c7a50
 Prev Bits: [0x00000001276ec000, 0x00000001296ec000)
 Next Bits: [0x00000001296ec000, 0x000000012b6ec000)

Polling page: 0x000000010958f000

Metaspace:

Usage:
  Non-class:     12.64 MB capacity,    12.44 MB ( 98%) used,   187.40 KB (  1%) free+waste,    14.88 KB ( <1%) overhead. 
      Class:      1.64 MB capacity,     1.51 MB ( 92%) used,   125.61 KB (  7%) free+waste,     6.44 KB ( <1%) overhead. 
       Both:     14.28 MB capacity,    13.95 MB ( 98%) used,   313.01 KB (  2%) free+waste,    21.31 KB ( <1%) overhead. 

Virtual space:
  Non-class space:       14.00 MB reserved,      13.00 MB ( 93%) committed 
      Class space:        1.00 GB reserved,       1.75 MB ( <1%) committed 
             Both:        1.01 GB reserved,      14.75 MB (  1%) committed 

Chunk freelists:
   Non-Class:  121.00 KB
       Class:  15.00 KB
        Both:  136.00 KB

CodeHeap 'non-profiled nmethods': size=120032Kb used=837Kb max_used=837Kb free=119194Kb
 bounds [0x000000011f2b4000, 0x000000011f524000, 0x00000001267ec000]
CodeHeap 'profiled nmethods': size=120028Kb used=3481Kb max_used=3481Kb free=116546Kb
 bounds [0x0000000117d7d000, 0x00000001180ed000, 0x000000011f2b4000]
CodeHeap 'non-nmethods': size=5700Kb used=1110Kb max_used=1139Kb free=4589Kb
 bounds [0x00000001177ec000, 0x0000000117a5c000, 0x0000000117d7d000]
 total_blobs=2482 nmethods=1518 adapters=350
 compilation: enabled
              stopped_count=0, restarted_count=0
 full_count=0

Compilation events (10 events):
Event: 223290.093 Thread 0x00007fc40c004800 1520   !   3       com.stata.plugins.imports.CSVReader::lambda$defineParseMethod$1 (86 bytes)
Event: 223290.097 Thread 0x00007fc40c004800 nmethod 1520 0x00000001180de010 code [0x00000001180de480, 0x00000001180e0078]
Event: 229182.823 Thread 0x00007fc4091f9800 1521       4       java.lang.StringLatin1::inflate (34 bytes)
Event: 229182.832 Thread 0x00007fc4091f9800 nmethod 1521 0x000000011f384410 code [0x000000011f3845a0, 0x000000011f384818]
Event: 237812.464 Thread 0x00007fc40c004800 1522       3       java.net.URI$Parser::parseHierarchical (178 bytes)
Event: 237812.478 Thread 0x00007fc40c004800 nmethod 1522 0x00000001180e0e90 code [0x00000001180e1280, 0x00000001180e2aa8]
Event: 275217.647 Thread 0x00007fc4091f9800 1523  s    4       com.stata.sfi.Macro::getLocalSafe (33 bytes)
Event: 275217.673 Thread 0x00007fc4091f9800 nmethod 1523 0x000000011f384910 code [0x000000011f384ae0, 0x000000011f3851c8]
Event: 275682.064 Thread 0x00007fc40c004800 1524       1       com.stata.plugins.csvparser.CSVParser::setVRange (11 bytes)
Event: 275682.066 Thread 0x00007fc40c004800 nmethod 1524 0x000000011f385310 code [0x000000011f3854c0, 0x000000011f3855d0]

GC Heap History (10 events):
Event: 190515.878 GC heap before
{Heap before GC invocations=24 (full 0):
 garbage-first heap   total 262144K, used 244349K [0x0000000780000000, 0x0000000800000000)
  region size 1024K, 128 young (131072K), 1 survivors (1024K)
 Metaspace       used 14285K, capacity 14560K, committed 14848K, reserved 1062912K
  class space    used 1548K, capacity 1681K, committed 1792K, reserved 1048576K
}
Event: 190515.890 GC heap after
{Heap after GC invocations=25 (full 0):
 garbage-first heap   total 262144K, used 7801K [0x0000000780000000, 0x0000000800000000)
  region size 1024K, 1 young (1024K), 1 survivors (1024K)
 Metaspace       used 14285K, capacity 14560K, committed 14848K, reserved 1062912K
  class space    used 1548K, capacity 1681K, committed 1792K, reserved 1048576K
}
Event: 201549.304 GC heap before
{Heap before GC invocations=26 (full 0):
 garbage-first heap   total 262144K, used 180857K [0x0000000780000000, 0x0000000800000000)
  region size 1024K, 67 young (68608K), 1 survivors (1024K)
 Metaspace       used 14287K, capacity 14624K, committed 15104K, reserved 1062912K
  class space    used 1548K, capacity 1681K, committed 1792K, reserved 1048576K
}
Event: 201549.316 GC heap after
{Heap after GC invocations=27 (full 0):
 garbage-first heap   total 262144K, used 7803K [0x0000000780000000, 0x0000000800000000)
  region size 1024K, 1 young (1024K), 1 survivors (1024K)
 Metaspace       used 14287K, capacity 14624K, committed 15104K, reserved 1062912K
  class space    used 1548K, capacity 1681K, committed 1792K, reserved 1048576K
}
Event: 211769.861 GC heap before
{Heap before GC invocations=28 (full 0):
 garbage-first heap   total 262144K, used 191099K [0x0000000780000000, 0x0000000800000000)
  region size 1024K, 77 young (78848K), 1 survivors (1024K)
 Metaspace       used 14288K, capacity 14624K, committed 15104K, reserved 1062912K
  class space    used 1548K, capacity 1681K, committed 1792K, reserved 1048576K
}
Event: 211769.862 GC heap after
{Heap after GC invocations=29 (full 0):
 garbage-first heap   total 262144K, used 7807K [0x0000000780000000, 0x0000000800000000)
  region size 1024K, 1 young (1024K), 1 survivors (1024K)
 Metaspace       used 14288K, capacity 14624K, committed 15104K, reserved 1062912K
  class space    used 1548K, capacity 1681K, committed 1792K, reserved 1048576K
}
Event: 223290.089 GC heap before
{Heap before GC invocations=30 (full 0):
 garbage-first heap   total 262144K, used 181887K [0x0000000780000000, 0x0000000800000000)
  region size 1024K, 68 young (69632K), 1 survivors (1024K)
 Metaspace       used 14288K, capacity 14624K, committed 15104K, reserved 1062912K
  class space    used 1548K, capacity 1681K, committed 1792K, reserved 1048576K
}
Event: 223290.091 GC heap after
{Heap after GC invocations=31 (full 0):
 garbage-first heap   total 262144K, used 7812K [0x0000000780000000, 0x0000000800000000)
  region size 1024K, 1 young (1024K), 1 survivors (1024K)
 Metaspace       used 14288K, capacity 14624K, committed 15104K, reserved 1062912K
  class space    used 1548K, capacity 1681K, committed 1792K, reserved 1048576K
}
Event: 274837.842 GC heap before
{Heap before GC invocations=32 (full 0):
 garbage-first heap   total 262144K, used 195204K [0x0000000780000000, 0x0000000800000000)
  region size 1024K, 81 young (82944K), 1 survivors (1024K)
 Metaspace       used 14289K, capacity 14624K, committed 15104K, reserved 1062912K
  class space    used 1548K, capacity 1681K, committed 1792K, reserved 1048576K
}
Event: 274837.863 GC heap after
{Heap after GC invocations=33 (full 0):
 garbage-first heap   total 262144K, used 7818K [0x0000000780000000, 0x0000000800000000)
  region size 1024K, 1 young (1024K), 1 survivors (1024K)
 Metaspace       used 14289K, capacity 14624K, committed 15104K, reserved 1062912K
  class space    used 1548K, capacity 1681K, committed 1792K, reserved 1048576K
}

Deoptimization events (10 events):
Event: 1962.626 Thread 0x00007fc40ea18800 Uncommon trap: reason=profile_predicate action=maybe_recompile pc=0x000000011f30cdb0 method=jdk.internal.math.FDBigInteger.cmp(Ljdk/internal/math/FDBigInteger;)I @ 48 c2
Event: 9519.266 Thread 0x00007fc40ea18800 Uncommon trap: reason=unstable_if action=reinterpret pc=0x000000011f309574 method=jdk.internal.math.FloatingDecimal.readJavaFormatString(Ljava/lang/String;)Ljdk/internal/math/FloatingDecimal$ASCIIToBinaryConverter; @ 178 c2
Event: 9519.269 Thread 0x00007fc40ea18800 Uncommon trap: reason=unstable_if action=reinterpret pc=0x000000011f3126d4 method=jdk.internal.math.FloatingDecimal$ASCIIToBinaryBuffer.doubleValue()D @ 135 c2
Event: 15050.384 Thread 0x00007fc40ea18800 Uncommon trap: reason=unstable_if action=reinterpret pc=0x000000011f3264e0 method=jdk.internal.math.FloatingDecimal.readJavaFormatString(Ljava/lang/String;)Ljdk/internal/math/FloatingDecimal$ASCIIToBinaryConverter; @ 765 c2
Event: 17078.570 Thread 0x00007fc40ea18800 Uncommon trap: reason=unstable_if action=reinterpret pc=0x000000011f331b8c method=jdk.internal.math.FloatingDecimal.readJavaFormatString(Ljava/lang/String;)Ljdk/internal/math/FloatingDecimal$ASCIIToBinaryConverter; @ 467 c2
Event: 26588.510 Thread 0x00007fc40ea18800 Uncommon trap: reason=unstable_if action=reinterpret pc=0x000000011f3420fc method=com.stata.plugins.imports.CSVReader.lambda$defineParseMethod$1(Ljava/lang/String;)Ljava/lang/Double; @ 44 c2
Event: 26897.941 Thread 0x00007fc40ea18800 Uncommon trap: reason=unstable_if action=reinterpret pc=0x000000011f329d5c method=jdk.internal.math.FloatingDecimal$ASCIIToBinaryBuffer.doubleValue()D @ 175 c2
Event: 26897.941 Thread 0x00007fc40ea18800 Uncommon trap: reason=unstable_if action=reinterpret pc=0x000000011f31b828 method=com.stata.plugins.imports.CSVReader.lambda$defineParseMethod$1(Ljava/lang/String;)Ljava/lang/Double; @ 44 c2
Event: 33786.792 Thread 0x00007fc40ea18800 Uncommon trap: reason=unstable_if action=reinterpret pc=0x000000011f337628 method=jdk.internal.math.FloatingDecimal.readJavaFormatString(Ljava/lang/String;)Ljdk/internal/math/FloatingDecimal$ASCIIToBinaryConverter; @ 121 c2
Event: 223249.086 Thread 0x00007fc40ea18800 Uncommon trap: reason=unstable_if action=reinterpret pc=0x000000011f361140 method=com.stata.plugins.imports.CSVReader.lambda$defineParseMethod$1(Ljava/lang/String;)Ljava/lang/Double; @ 56 c2

Classes redefined (0 events):
No events

Internal exceptions (6 events):
Event: 0.274 Thread 0x00007fc40a434000 Exception <a 'java/lang/NoSuchMethodError'{0x000000078fa74498}: java.lang.invoke.DirectMethodHandle$Holder.invokeStaticInit(Ljava/lang/Object;Ljava/lang/Object;Ljava/lang/Object;Ljava/lang/Object;)I> (0x000000078fa74498) thrown at [/Users/tester/jenkins/w
Event: 0.275 Thread 0x00007fc40a434000 Exception <a 'java/lang/IncompatibleClassChangeError'{0x000000078fa7e9e8}: Found class java.lang.Object, but interface was expected> (0x000000078fa7e9e8) thrown at [/Users/tester/jenkins/workspace/zulu11-build-macos/zulu-src/src/hotspot/share/interpreter/
Event: 0.276 Thread 0x00007fc40a434000 Exception <a 'java/lang/NoSuchMethodError'{0x000000078fa81f68}: java.lang.invoke.DirectMethodHandle$Holder.invokeStaticInit(Ljava/lang/Object;Ljava/lang/Object;)V> (0x000000078fa81f68) thrown at [/Users/tester/jenkins/workspace/zulu11-build-macos/zulu-src
Event: 0.277 Thread 0x00007fc40a434000 Exception <a 'java/lang/NoSuchMethodError'{0x000000078fa88190}: java.lang.invoke.DirectMethodHandle$Holder.invokeStaticInit(Ljava/lang/Object;Ljava/lang/Object;)I> (0x000000078fa88190) thrown at [/Users/tester/jenkins/workspace/zulu11-build-macos/zulu-src
Event: 0.290 Thread 0x00007fc40a434000 Exception <a 'java/lang/NoSuchMethodError'{0x000000078faf2af8}: java.lang.invoke.DirectMethodHandle$Holder.invokeSpecialIFC(Ljava/lang/Object;Ljava/lang/Object;I)I> (0x000000078faf2af8) thrown at [/Users/tester/jenkins/workspace/zulu11-build-macos/zulu-sr
Event: 0.340 Thread 0x00007fc40a434000 Implicit null exception at 0x000000011f2d4ef5 to 0x000000011f2d54ae

Events (10 events):
Event: 223290.095 Executing VM operation: CGC_Operation
Event: 223290.096 Executing VM operation: CGC_Operation done
Event: 223290.098 Executing VM operation: CGC_Operation
Event: 223290.098 Executing VM operation: CGC_Operation done
Event: 274837.839 Executing VM operation: G1CollectForAllocation
Event: 274837.864 Executing VM operation: G1CollectForAllocation done
Event: 274837.876 Executing VM operation: CGC_Operation
Event: 274837.896 Executing VM operation: CGC_Operation done
Event: 274837.898 Executing VM operation: CGC_Operation
Event: 274837.899 Executing VM operation: CGC_Operation done


Dynamic libraries:
0x00007fff48d61000 	/System/Library/Frameworks/ApplicationServices.framework/Versions/A/ApplicationServices
0x00007fff4a0cc000 	/System/Library/Frameworks/Cocoa.framework/Versions/A/Cocoa
0x00007fff55359000 	/System/Library/Frameworks/QuartzCore.framework/Versions/A/QuartzCore
0x00007fff55de4000 	/System/Library/Frameworks/Security.framework/Versions/A/Security
0x00007fff560e4000 	/System/Library/Frameworks/SecurityFoundation.framework/Versions/A/SecurityFoundation
0x00007fff5653e000 	/System/Library/Frameworks/SystemConfiguration.framework/Versions/A/SystemConfiguration
0x0000000105870000 	/Applications/Stata/StataSE.app/Contents/Frameworks/Scintilla.framework/Versions/A/Scintilla
0x00007fff73a47000 	/usr/lib/libc++.1.dylib
0x00007fff75eaa000 	/usr/lib/libz.1.dylib
0x00007fff4cb36000 	/System/Library/Frameworks/Foundation.framework/Versions/C/Foundation
0x00007fff7503b000 	/usr/lib/libobjc.A.dylib
0x00007fff73804000 	/usr/lib/libSystem.B.dylib
0x00007fff47f5a000 	/System/Library/Frameworks/AppKit.framework/Versions/C/AppKit
0x00007fff4a8b4000 	/System/Library/Frameworks/CoreFoundation.framework/Versions/A/CoreFoundation
0x00007fff4acfa000 	/System/Library/Frameworks/CoreGraphics.framework/Versions/A/CoreGraphics
0x00007fff4bb09000 	/System/Library/Frameworks/CoreServices.framework/Versions/A/CoreServices
0x00007fff4c4e2000 	/System/Library/Frameworks/CoreText.framework/Versions/A/CoreText
0x00007fff4d2e1000 	/System/Library/Frameworks/ImageIO.framework/Versions/A/ImageIO
0x00007fff4a0da000 	/System/Library/Frameworks/ColorSync.framework/Versions/A/ColorSync
0x00007fff48d62000 	/System/Library/Frameworks/ApplicationServices.framework/Versions/A/Frameworks/ATS.framework/Versions/A/ATS
0x00007fff490b1000 	/System/Library/Frameworks/ApplicationServices.framework/Versions/A/Frameworks/ColorSyncLegacy.framework/Versions/A/ColorSyncLegacy
0x00007fff49150000 	/System/Library/Frameworks/ApplicationServices.framework/Versions/A/Frameworks/HIServices.framework/Versions/A/HIServices
0x00007fff491a3000 	/System/Library/Frameworks/ApplicationServices.framework/Versions/A/Frameworks/LangAnalysis.framework/Versions/A/LangAnalysis
0x00007fff491b3000 	/System/Library/Frameworks/ApplicationServices.framework/Versions/A/Frameworks/PrintCore.framework/Versions/A/PrintCore
0x00007fff491fd000 	/System/Library/Frameworks/ApplicationServices.framework/Versions/A/Frameworks/QD.framework/Versions/A/QD
0x00007fff49237000 	/System/Library/Frameworks/ApplicationServices.framework/Versions/A/Frameworks/SpeechSynthesis.framework/Versions/A/SpeechSynthesis
0x00007fff6fa2d000 	/System/Library/PrivateFrameworks/SkyLight.framework/Versions/A/SkyLight
0x00007fff4d27e000 	/System/Library/Frameworks/IOSurface.framework/Versions/A/IOSurface
0x00007fff75d9e000 	/usr/lib/libxml2.2.dylib
0x00007fff49815000 	/System/Library/Frameworks/CFNetwork.framework/Versions/A/CFNetwork
0x00007fff46d26000 	/System/Library/Frameworks/Accelerate.framework/Versions/A/Accelerate
0x00007fff73ac3000 	/usr/lib/libcompression.dylib
0x00007fff733c5000 	/usr/lib/libDiagnosticMessagesClient.dylib
0x00007fff4a7cc000 	/System/Library/Frameworks/CoreDisplay.framework/Versions/A/CoreDisplay
0x00007fff4d1ed000 	/System/Library/Frameworks/IOKit.framework/Versions/A/IOKit
0x00007fff4f45a000 	/System/Library/Frameworks/Metal.framework/Versions/A/Metal
0x00007fff4f72a000 	/System/Library/Frameworks/MetalPerformanceShaders.framework/Versions/A/MetalPerformanceShaders
0x00007fff69438000 	/System/Library/PrivateFrameworks/MultitouchSupport.framework/Versions/A/MultitouchSupport
0x00007fff73a28000 	/usr/lib/libbsm.0.dylib
0x00007fff747a7000 	/usr/lib/liblzma.5.dylib
0x00007fff766a0000 	/usr/lib/system/libcache.dylib
0x00007fff766a5000 	/usr/lib/system/libcommonCrypto.dylib
0x00007fff766b0000 	/usr/lib/system/libcompiler_rt.dylib
0x00007fff766b8000 	/usr/lib/system/libcopyfile.dylib
0x00007fff766c2000 	/usr/lib/system/libcorecrypto.dylib
0x00007fff767cd000 	/usr/lib/system/libdispatch.dylib
0x00007fff76807000 	/usr/lib/system/libdyld.dylib
0x00007fff76834000 	/usr/lib/system/libkeymgr.dylib
0x00007fff76842000 	/usr/lib/system/liblaunch.dylib
0x00007fff76843000 	/usr/lib/system/libmacho.dylib
0x00007fff76849000 	/usr/lib/system/libquarantine.dylib
0x00007fff7684c000 	/usr/lib/system/libremovefile.dylib
0x00007fff7684e000 	/usr/lib/system/libsystem_asl.dylib
0x00007fff76866000 	/usr/lib/system/libsystem_blocks.dylib
0x00007fff76867000 	/usr/lib/system/libsystem_c.dylib
0x00007fff768ef000 	/usr/lib/system/libsystem_configuration.dylib
0x00007fff768f3000 	/usr/lib/system/libsystem_coreservices.dylib
0x00007fff768f7000 	/usr/lib/system/libsystem_darwin.dylib
0x00007fff768fe000 	/usr/lib/system/libsystem_dnssd.dylib
0x00007fff76905000 	/usr/lib/system/libsystem_info.dylib
0x00007fff7697a000 	/usr/lib/system/libsystem_m.dylib
0x00007fff769c6000 	/usr/lib/system/libsystem_malloc.dylib
0x00007fff769f1000 	/usr/lib/system/libsystem_networkextension.dylib
0x00007fff769fc000 	/usr/lib/system/libsystem_notify.dylib
0x00007fff76a19000 	/usr/lib/system/libsystem_sandbox.dylib
0x00007fff76a1d000 	/usr/lib/system/libsystem_secinit.dylib
0x00007fff76951000 	/usr/lib/system/libsystem_kernel.dylib
0x00007fff76a04000 	/usr/lib/system/libsystem_platform.dylib
0x00007fff76a0e000 	/usr/lib/system/libsystem_pthread.dylib
0x00007fff76a20000 	/usr/lib/system/libsystem_symptoms.dylib
0x00007fff76a28000 	/usr/lib/system/libsystem_trace.dylib
0x00007fff76a3f000 	/usr/lib/system/libunwind.dylib
0x00007fff76a45000 	/usr/lib/system/libxpc.dylib
0x00007fff73a9b000 	/usr/lib/libc++abi.dylib
0x00007fff73958000 	/usr/lib/libauto.dylib
0x00007fff4c96b000 	/System/Library/Frameworks/DiskArbitration.framework/Versions/A/DiskArbitration
0x00007fff738ab000 	/usr/lib/libarchive.2.dylib
0x00007fff744f7000 	/usr/lib/libicucore.A.dylib
0x00007fff747a5000 	/usr/lib/liblangid.dylib
0x00007fff732f6000 	/usr/lib/libCRFSuite.dylib
0x00007fff7439e000 	/usr/lib/libenergytrace.dylib
0x00007fff76835000 	/usr/lib/system/libkxld.dylib
0x00007fff5aa34000 	/System/Library/PrivateFrameworks/AppleFSCompression.framework/Versions/A/AppleFSCompression
0x00007fff736c4000 	/usr/lib/libOpenScriptingUtil.dylib
0x00007fff73d50000 	/usr/lib/libcoretls.dylib
0x00007fff73d67000 	/usr/lib/libcoretls_cfhelpers.dylib
0x00007fff757d2000 	/usr/lib/libpam.2.dylib
0x00007fff75992000 	/usr/lib/libsqlite3.dylib
0x00007fff75d8c000 	/usr/lib/libxar.1.dylib
0x00007fff73a39000 	/usr/lib/libbz2.1.0.dylib
0x00007fff74c58000 	/usr/lib/libnetwork.dylib
0x00007fff73894000 	/usr/lib/libapple_nghttp2.dylib
0x00007fff757d9000 	/usr/lib/libpcap.A.dylib
0x00007fff4bea8000 	/System/Library/Frameworks/CoreServices.framework/Versions/A/Frameworks/FSEvents.framework/Versions/A/FSEvents
0x00007fff4bb87000 	/System/Library/Frameworks/CoreServices.framework/Versions/A/Frameworks/CarbonCore.framework/Versions/A/CarbonCore
0x00007fff4c064000 	/System/Library/Frameworks/CoreServices.framework/Versions/A/Frameworks/Metadata.framework/Versions/A/Metadata
0x00007fff4c103000 	/System/Library/Frameworks/CoreServices.framework/Versions/A/Frameworks/OSServices.framework/Versions/A/OSServices
0x00007fff4c14e000 	/System/Library/Frameworks/CoreServices.framework/Versions/A/Frameworks/SearchKit.framework/Versions/A/SearchKit
0x00007fff4bb0a000 	/System/Library/Frameworks/CoreServices.framework/Versions/A/Frameworks/AE.framework/Versions/A/AE
0x00007fff4beb1000 	/System/Library/Frameworks/CoreServices.framework/Versions/A/Frameworks/LaunchServices.framework/Versions/A/LaunchServices
0x00007fff4be5f000 	/System/Library/Frameworks/CoreServices.framework/Versions/A/Frameworks/DictionaryServices.framework/Versions/A/DictionaryServices
0x00007fff4c1b6000 	/System/Library/Frameworks/CoreServices.framework/Versions/A/Frameworks/SharedFileList.framework/Versions/A/SharedFileList
0x00007fff50522000 	/System/Library/Frameworks/NetFS.framework/Versions/A/NetFS
0x00007fff6969e000 	/System/Library/PrivateFrameworks/NetAuth.framework/Versions/A/NetAuth
0x00007fff7302a000 	/System/Library/PrivateFrameworks/login.framework/Versions/A/Frameworks/loginsupport.framework/Versions/A/loginsupport
0x00007fff7114d000 	/System/Library/PrivateFrameworks/TCC.framework/Versions/A/TCC
0x00007fff5e64b000 	/System/Library/PrivateFrameworks/CoreNLP.framework/Versions/A/CoreNLP
0x00007fff69131000 	/System/Library/PrivateFrameworks/MetadataUtilities.framework/Versions/A/MetadataUtilities
0x00007fff7487c000 	/usr/lib/libmecabra.dylib
0x00007fff747d7000 	/usr/lib/libmecab.1.0.0.dylib
0x00007fff743d0000 	/usr/lib/libgermantok.dylib
0x00007fff73881000 	/usr/lib/libThaiTokenizer.dylib
0x00007fff7332d000 	/usr/lib/libChineseTokenizer.dylib
0x00007fff74406000 	/usr/lib/libiconv.2.dylib
0x00007fff73ab1000 	/usr/lib/libcharset.1.dylib
0x00007fff68318000 	/System/Library/PrivateFrameworks/LanguageModeling.framework/Versions/A/LanguageModeling
0x00007fff5e091000 	/System/Library/PrivateFrameworks/CoreEmoji.framework/Versions/A/CoreEmoji
0x00007fff683f4000 	/System/Library/PrivateFrameworks/Lexicon.framework/Versions/A/Lexicon
0x00007fff68437000 	/System/Library/PrivateFrameworks/LinguisticData.framework/Versions/A/LinguisticData
0x00007fff73ab2000 	/usr/lib/libcmph.dylib
0x00007fff4a447000 	/System/Library/Frameworks/CoreData.framework/Versions/A/CoreData
0x00007fff53024000 	/System/Library/Frameworks/OpenDirectory.framework/Versions/A/Frameworks/CFOpenDirectory.framework/Versions/A/CFOpenDirectory
0x00007fff5982a000 	/System/Library/PrivateFrameworks/APFS.framework/Versions/A/APFS
0x00007fff75d88000 	/usr/lib/libutil.dylib
0x00007fff561a2000 	/System/Library/Frameworks/ServiceManagement.framework/Versions/A/ServiceManagement
0x00007fff5b63a000 	/System/Library/PrivateFrameworks/BackgroundTaskManagement.framework/Versions/A/BackgroundTaskManagement
0x00007fff75e81000 	/usr/lib/libxslt.1.dylib
0x00007fff46d3e000 	/System/Library/Frameworks/Accelerate.framework/Versions/A/Frameworks/vImage.framework/Versions/A/vImage
0x00007fff47db8000 	/System/Library/Frameworks/Accelerate.framework/Versions/A/Frameworks/vecLib.framework/Versions/A/vecLib
0x00007fff47d04000 	/System/Library/Frameworks/Accelerate.framework/Versions/A/Frameworks/vecLib.framework/Versions/A/libvMisc.dylib
0x00007fff47b1c000 	/System/Library/Frameworks/Accelerate.framework/Versions/A/Frameworks/vecLib.framework/Versions/A/libvDSP.dylib
0x00007fff473d8000 	/System/Library/Frameworks/Accelerate.framework/Versions/A/Frameworks/vecLib.framework/Versions/A/libBLAS.dylib
0x00007fff476c5000 	/System/Library/Frameworks/Accelerate.framework/Versions/A/Frameworks/vecLib.framework/Versions/A/libLAPACK.dylib
0x00007fff47a6f000 	/System/Library/Frameworks/Accelerate.framework/Versions/A/Frameworks/vecLib.framework/Versions/A/libLinearAlgebra.dylib
0x00007fff47b08000 	/System/Library/Frameworks/Accelerate.framework/Versions/A/Frameworks/vecLib.framework/Versions/A/libSparseBLAS.dylib
0x00007fff47a85000 	/System/Library/Frameworks/Accelerate.framework/Versions/A/Frameworks/vecLib.framework/Versions/A/libQuadrature.dylib
0x00007fff47652000 	/System/Library/Frameworks/Accelerate.framework/Versions/A/Frameworks/vecLib.framework/Versions/A/libBNNS.dylib
0x00007fff47a8b000 	/System/Library/Frameworks/Accelerate.framework/Versions/A/Frameworks/vecLib.framework/Versions/A/libSparse.dylib
0x00007fff6598d000 	/System/Library/PrivateFrameworks/GPUWrangler.framework/Versions/A/GPUWrangler
0x00007fff67c5f000 	/System/Library/PrivateFrameworks/IOAccelerator.framework/Versions/A/IOAccelerator
0x00007fff67c6a000 	/System/Library/PrivateFrameworks/IOPresentment.framework/Versions/A/IOPresentment
0x00007fff5f421000 	/System/Library/PrivateFrameworks/DSExternalDisplay.framework/Versions/A/DSExternalDisplay
0x00007fff5399e000 	/System/Library/Frameworks/OpenGL.framework/Versions/A/Libraries/libCoreFSCache.dylib
0x00007fff4f51e000 	/System/Library/Frameworks/MetalPerformanceShaders.framework/Frameworks/MPSCore.framework/Versions/A/MPSCore
0x00007fff4f53e000 	/System/Library/Frameworks/MetalPerformanceShaders.framework/Frameworks/MPSImage.framework/Versions/A/MPSImage
0x00007fff4f5e3000 	/System/Library/Frameworks/MetalPerformanceShaders.framework/Frameworks/MPSNeuralNetwork.framework/Versions/A/MPSNeuralNetwork
0x00007fff4f5bb000 	/System/Library/Frameworks/MetalPerformanceShaders.framework/Frameworks/MPSMatrix.framework/Versions/A/MPSMatrix
0x00007fff4f70f000 	/System/Library/Frameworks/MetalPerformanceShaders.framework/Frameworks/MPSRayIntersector.framework/Versions/A/MPSRayIntersector
0x00007fff6915a000 	/System/Library/PrivateFrameworks/MetalTools.framework/Versions/A/MetalTools
0x00007fff5a2e1000 	/System/Library/PrivateFrameworks/AggregateDictionary.framework/Versions/A/AggregateDictionary
0x00007fff736a5000 	/usr/lib/libMobileGestalt.dylib
0x00007fff4b38b000 	/System/Library/Frameworks/CoreImage.framework/Versions/A/CoreImage
0x00007fff4c645000 	/System/Library/Frameworks/CoreVideo.framework/Versions/A/CoreVideo
0x00007fff54547000 	/System/Library/Frameworks/OpenGL.framework/Versions/A/OpenGL
0x00007fff6679d000 	/System/Library/PrivateFrameworks/GraphVisualizer.framework/Versions/A/GraphVisualizer
0x00007fff6061d000 	/System/Library/PrivateFrameworks/FaceCore.framework/Versions/A/FaceCore
0x00007fff52fcc000 	/System/Library/Frameworks/OpenCL.framework/Versions/A/OpenCL
0x00007fff733fd000 	/usr/lib/libFosl_dynamic.dylib
0x00007fff69f09000 	/System/Library/PrivateFrameworks/OTSVG.framework/Versions/A/OTSVG
0x00007fff48e66000 	/System/Library/Frameworks/ApplicationServices.framework/Versions/A/Frameworks/ATS.framework/Versions/A/Resources/libFontParser.dylib
0x00007fff48f7e000 	/System/Library/Frameworks/ApplicationServices.framework/Versions/A/Frameworks/ATS.framework/Versions/A/Resources/libFontRegistry.dylib
0x00007fff4d54f000 	/System/Library/Frameworks/ImageIO.framework/Versions/A/Resources/libJPEG.dylib
0x00007fff4d861000 	/System/Library/Frameworks/ImageIO.framework/Versions/A/Resources/libTIFF.dylib
0x00007fff4d837000 	/System/Library/Frameworks/ImageIO.framework/Versions/A/Resources/libPng.dylib
0x00007fff4d46d000 	/System/Library/Frameworks/ImageIO.framework/Versions/A/Resources/libGIF.dylib
0x00007fff4d472000 	/System/Library/Frameworks/ImageIO.framework/Versions/A/Resources/libJP2.dylib
0x00007fff4d85e000 	/System/Library/Frameworks/ImageIO.framework/Versions/A/Resources/libRadiance.dylib
0x00007fff5ab8b000 	/System/Library/PrivateFrameworks/AppleJPEG.framework/Versions/A/AppleJPEG
0x00007fff539a9000 	/System/Library/Frameworks/OpenGL.framework/Versions/A/Libraries/libGFXShared.dylib
0x00007fff53b6c000 	/System/Library/Frameworks/OpenGL.framework/Versions/A/Libraries/libGLU.dylib
0x00007fff539b2000 	/System/Library/Frameworks/OpenGL.framework/Versions/A/Libraries/libGL.dylib
0x00007fff539be000 	/System/Library/Frameworks/OpenGL.framework/Versions/A/Libraries/libGLImage.dylib
0x00007fff5399b000 	/System/Library/Frameworks/OpenGL.framework/Versions/A/Libraries/libCVMSPluginSupport.dylib
0x00007fff539a4000 	/System/Library/Frameworks/OpenGL.framework/Versions/A/Libraries/libCoreVMClient.dylib
0x00007fff74214000 	/usr/lib/libcups.2.dylib
0x00007fff4ea25000 	/System/Library/Frameworks/Kerberos.framework/Versions/A/Kerberos
0x00007fff4cf52000 	/System/Library/Frameworks/GSS.framework/Versions/A/GSS
0x00007fff75927000 	/usr/lib/libresolv.9.dylib
0x00007fff668fc000 	/System/Library/PrivateFrameworks/Heimdal.framework/Versions/A/Heimdal
0x00007fff743d6000 	/usr/lib/libheimdal-asn1.dylib
0x00007fff53040000 	/System/Library/Frameworks/OpenDirectory.framework/Versions/A/OpenDirectory
0x00007fff5d3b0000 	/System/Library/PrivateFrameworks/CommonAuth.framework/Versions/A/CommonAuth
0x00007fff4a332000 	/System/Library/Frameworks/CoreAudio.framework/Versions/A/CoreAudio
0x00007fff49244000 	/System/Library/Frameworks/AudioToolbox.framework/Versions/A/AudioToolbox
0x00007fff5ae28000 	/System/Library/PrivateFrameworks/AppleSauce.framework/Versions/A/AppleSauce
0x00007fff5afa9000 	/System/Library/PrivateFrameworks/AssertionServices.framework/Versions/A/AssertionServices
0x00007fff5b6d9000 	/System/Library/PrivateFrameworks/BaseBoard.framework/Versions/A/BaseBoard
0x00007fff6d2d7000 	/System/Library/PrivateFrameworks/RemoteViewServices.framework/Versions/A/RemoteViewServices
0x00007fff71544000 	/System/Library/PrivateFrameworks/UIFoundation.framework/Versions/A/UIFoundation
0x00007fff72c26000 	/System/Library/PrivateFrameworks/XCTTargetBootstrap.framework/Versions/A/XCTTargetBootstrap
0x00007fff6802a000 	/System/Library/PrivateFrameworks/IconServices.framework/Versions/A/IconServices
0x00007fff5f5a5000 	/System/Library/PrivateFrameworks/DesktopServicesPriv.framework/Versions/A/DesktopServicesPriv
0x00007fff5f411000 	/System/Library/PrivateFrameworks/DFRFoundation.framework/Versions/A/DFRFoundation
0x00007fff494bd000 	/System/Library/Frameworks/AudioUnit.framework/Versions/A/AudioUnit
0x00007fff5f4a6000 	/System/Library/PrivateFrameworks/DataDetectorsCore.framework/Versions/A/DataDetectorsCore
0x00007fff49bd0000 	/System/Library/Frameworks/Carbon.framework/Versions/A/Frameworks/HIToolbox.framework/Versions/A/HIToolbox
0x00007fff49fa4000 	/System/Library/Frameworks/Carbon.framework/Versions/A/Frameworks/SpeechRecognition.framework/Versions/A/SpeechRecognition
0x00007fff5efee000 	/System/Library/PrivateFrameworks/CoreUI.framework/Versions/A/CoreUI
0x00007fff6b0df000 	/System/Library/PrivateFrameworks/PerformanceAnalysis.framework/Versions/A/PerformanceAnalysis
0x00007fff5b643000 	/System/Library/PrivateFrameworks/Backup.framework/Versions/A/Backup
0x00007fff49ed1000 	/System/Library/Frameworks/Carbon.framework/Versions/A/Frameworks/Ink.framework/Versions/A/Ink
0x00007fff713bf000 	/System/Library/PrivateFrameworks/TextureIO.framework/Versions/A/TextureIO
0x00007fff738d5000 	/usr/lib/libate.dylib
0x00007fff5f370000 	/System/Library/PrivateFrameworks/CrashReporterSupport.framework/Versions/A/CrashReporterSupport
0x00007fff6eafe000 	/System/Library/PrivateFrameworks/Sharing.framework/Versions/A/Sharing
0x00007fff5b38c000 	/System/Library/PrivateFrameworks/AuthKit.framework/Versions/A/AuthKit
0x00007fff5a8e0000 	/System/Library/PrivateFrameworks/Apple80211.framework/Versions/A/Apple80211
0x00007fff5f11a000 	/System/Library/PrivateFrameworks/CoreUtils.framework/Versions/A/CoreUtils
0x00007fff4c685000 	/System/Library/Frameworks/CoreWLAN.framework/Versions/A/CoreWLAN
0x00007fff4d081000 	/System/Library/Frameworks/IOBluetooth.framework/Versions/A/IOBluetooth
0x00007fff6cf7e000 	/System/Library/PrivateFrameworks/ProtocolBuffer.framework/Versions/A/ProtocolBuffer
0x00007fff69394000 	/System/Library/PrivateFrameworks/MobileKeyBag.framework/Versions/A/MobileKeyBag
0x00007fff5e95e000 	/System/Library/PrivateFrameworks/CorePhoneNumbers.framework/Versions/A/CorePhoneNumbers
0x00007fff5ab3f000 	/System/Library/PrivateFrameworks/AppleIDAuthSupport.framework/Versions/A/AppleIDAuthSupport
0x00007fff682eb000 	/System/Library/PrivateFrameworks/KeychainCircle.framework/Versions/A/KeychainCircle
0x00007fff6d134000 	/System/Library/PrivateFrameworks/ROCKit.framework/Versions/A/ROCKit
0x00007fff5f30c000 	/System/Library/PrivateFrameworks/CoreWiFi.framework/Versions/A/CoreWiFi
0x00007fff4a41c000 	/System/Library/Frameworks/CoreBluetooth.framework/Versions/A/CoreBluetooth
0x00007fff5f567000 	/System/Library/PrivateFrameworks/DebugSymbols.framework/Versions/A/DebugSymbols
0x00007fff5eeda000 	/System/Library/PrivateFrameworks/CoreSymbolication.framework/Versions/A/CoreSymbolication
0x00007fff70bda000 	/System/Library/PrivateFrameworks/Symbolication.framework/Versions/A/Symbolication
0x00007fff7047d000 	/System/Library/PrivateFrameworks/SpeechRecognitionCore.framework/Versions/A/SpeechRecognitionCore
0x00007fff5eae2000 	/System/Library/PrivateFrameworks/CoreServicesInternal.framework/Versions/A/CoreServicesInternal
0x00007fff4901a000 	/System/Library/Frameworks/ApplicationServices.framework/Versions/A/Frameworks/ATS.framework/Versions/A/Resources/libTrueTypeScaler.dylib
0x00007fff46d27000 	/System/Library/Frameworks/Accelerate.framework/Versions/A/Frameworks/vImage.framework/Versions/A/Libraries/libCGInterfaces.dylib
0x0000000109e6b000 	/usr/lib/libobjc-trampolines.dylib
0x00007fff3f0c9000 	/System/Library/CoreServices/RawCamera.bundle/Contents/MacOS/RawCamera
0x00007fff691fd000 	/System/Library/PrivateFrameworks/MobileAsset.framework/Versions/A/MobileAsset
0x00007fff70b28000 	/System/Library/PrivateFrameworks/StreamingZip.framework/Versions/A/StreamingZip
0x00007fff4edb2000 	/System/Library/Frameworks/MediaToolbox.framework/Versions/A/MediaToolbox
0x00007fff5dc36000 	/System/Library/PrivateFrameworks/CoreAVCHD.framework/Versions/A/CoreAVCHD
0x00007fff4ecf8000 	/System/Library/Frameworks/MediaAccessibility.framework/Versions/A/MediaAccessibility
0x00007fff68c5a000 	/System/Library/PrivateFrameworks/Mangrove.framework/Versions/A/Mangrove
0x00007fff4b9a8000 	/System/Library/Frameworks/CoreMedia.framework/Versions/A/CoreMedia
0x00007fff5680a000 	/System/Library/Frameworks/VideoToolbox.framework/Versions/A/VideoToolbox
0x00007fff5d852000 	/System/Library/PrivateFrameworks/CoreAUC.framework/Versions/A/CoreAUC
0x00007fff75990000 	/usr/lib/libspindump.dylib
0x00007fff5af0e000 	/System/Library/PrivateFrameworks/AppleVA.framework/Versions/A/AppleVA
0x00007fff43082000 	/System/Library/Extensions/AppleIntelHD5000GraphicsMTLDriver.bundle/Contents/MacOS/AppleIntelHD5000GraphicsMTLDriver
0x00007fff642ec000 	/System/Library/PrivateFrameworks/GPUCompiler.framework/Versions/3902/Libraries/libmetal_timestamp.dylib
0x00007fff72376000 	/System/Library/PrivateFrameworks/ViewBridge.framework/Versions/A/ViewBridge
0x00007fff55358000 	/System/Library/Frameworks/Quartz.framework/Versions/A/Quartz
0x00007fff54d5f000 	/System/Library/Frameworks/Quartz.framework/Versions/A/Frameworks/QuartzComposer.framework/Versions/A/QuartzComposer
0x00007fff54c72000 	/System/Library/Frameworks/Quartz.framework/Versions/A/Frameworks/PDFKit.framework/Versions/A/PDFKit
0x00007fff5522f000 	/System/Library/Frameworks/Quartz.framework/Versions/A/Frameworks/QuartzFilters.framework/Versions/A/QuartzFilters
0x00007fff54a1d000 	/System/Library/Frameworks/Quartz.framework/Versions/A/Frameworks/ImageKit.framework/Versions/A/ImageKit
0x00007fff55256000 	/System/Library/Frameworks/Quartz.framework/Versions/A/Frameworks/QuickLookUI.framework/Versions/A/QuickLookUI
0x00007fff4dba9000 	/System/Library/Frameworks/JavaScriptCore.framework/Versions/A/JavaScriptCore
0x00007fff548d3000 	/System/Library/Frameworks/QTKit.framework/Versions/A/QTKit
0x00007fff5af0a000 	/System/Library/PrivateFrameworks/AppleSystemInfo.framework/Versions/A/AppleSystemInfo
0x00007fff4697c000 	/System/Library/Frameworks/AVFoundation.framework/Versions/A/AVFoundation
0x00007fff7113c000 	/System/Library/PrivateFrameworks/SystemPolicy.framework/Versions/A/SystemPolicy
0x00007fff49bcb000 	/System/Library/Frameworks/Carbon.framework/Versions/A/Carbon
0x00007fff5e50b000 	/System/Library/PrivateFrameworks/CoreMediaAuthoring.framework/Versions/A/CoreMediaAuthoring
0x00007fff4baad000 	/System/Library/Frameworks/CoreMediaIO.framework/Versions/A/CoreMediaIO
0x00007fff46b59000 	/System/Library/Frameworks/AVFoundation.framework/Versions/A/Frameworks/AVFAudio.framework/Versions/A/AVFAudio
0x00007fff68181000 	/System/Library/PrivateFrameworks/InternationalSupport.framework/Versions/A/InternationalSupport
0x00007fff6d2b9000 	/System/Library/PrivateFrameworks/RemoteServiceDiscovery.framework/Versions/A/RemoteServiceDiscovery
0x00007fff6d2fa000 	/System/Library/PrivateFrameworks/RemoteXPC.framework/Versions/A/RemoteXPC
0x00007fff49bcc000 	/System/Library/Frameworks/Carbon.framework/Versions/A/Frameworks/CommonPanels.framework/Versions/A/CommonPanels
0x00007fff49ec7000 	/System/Library/Frameworks/Carbon.framework/Versions/A/Frameworks/Help.framework/Versions/A/Help
0x00007fff49ecb000 	/System/Library/Frameworks/Carbon.framework/Versions/A/Frameworks/ImageCapture.framework/Versions/A/ImageCapture
0x00007fff49f67000 	/System/Library/Frameworks/Carbon.framework/Versions/A/Frameworks/OpenScripting.framework/Versions/A/OpenScripting
0x00007fff49f9f000 	/System/Library/Frameworks/Carbon.framework/Versions/A/Frameworks/Print.framework/Versions/A/Print
0x00007fff49fa1000 	/System/Library/Frameworks/Carbon.framework/Versions/A/Frameworks/SecurityHI.framework/Versions/A/SecurityHI
0x00007fff5e81d000 	/System/Library/PrivateFrameworks/CorePDF.framework/Versions/A/CorePDF
0x00007fff555b0000 	/System/Library/Frameworks/QuickLook.framework/Versions/A/QuickLook
0x00007fff5f9b3000 	/System/Library/PrivateFrameworks/DisplayServices.framework/Versions/A/DisplayServices
0x00007fff4d28e000 	/System/Library/Frameworks/ImageCaptureCore.framework/Versions/A/ImageCaptureCore
0x00007fff5f8ec000 	/System/Library/PrivateFrameworks/DiskManagement.framework/Versions/A/DiskManagement
0x00007fff6d11e000 	/System/Library/PrivateFrameworks/QuickLookThumbnailing.framework/Versions/A/QuickLookThumbnailing
0x00007fff68d72000 	/System/Library/PrivateFrameworks/MediaKit.framework/Versions/A/MediaKit
0x00007fff4c897000 	/System/Library/Frameworks/DiscRecording.framework/Versions/A/DiscRecording
0x00007fff73338000 	/usr/lib/libCoreStorage.dylib
0x00007fff74201000 	/usr/lib/libcsfde.dylib
0x00007fff5fa5e000 	/System/Library/PrivateFrameworks/EFILogin.framework/Versions/A/EFILogin
0x00007fff6cf29000 	/System/Library/PrivateFrameworks/ProtectedCloudStorage.framework/Versions/A/ProtectedCloudStorage
0x00007fff65d1f000 	/System/Library/PrivateFrameworks/GenerationalStorage.framework/Versions/A/GenerationalStorage
0x00007fff5c5a4000 	/System/Library/PrivateFrameworks/ChunkingLibrary.framework/Versions/A/ChunkingLibrary
0x00007fff5dcfa000 	/System/Library/PrivateFrameworks/CoreBrightness.framework/Versions/A/CoreBrightness
0x00007fff5b74f000 	/System/Library/PrivateFrameworks/BezelServices.framework/Versions/A/BezelServices
0x00007fff557ce000 	/System/Library/Frameworks/SafariServices.framework/Versions/A/SafariServices
0x00007fff6d11a000 	/System/Library/PrivateFrameworks/QuickLookNonBaseSystem.framework/Versions/A/QuickLookNonBaseSystem
0x00007fff68ce4000 	/System/Library/PrivateFrameworks/MarkupUI.framework/Versions/A/MarkupUI
0x00007fff5a69d000 	/System/Library/PrivateFrameworks/AnnotationKit.framework/Versions/A/AnnotationKit
0x00007fff6afeb000 	/System/Library/PrivateFrameworks/PencilKit.framework/Versions/A/PencilKit
0x00007fff5e24a000 	/System/Library/PrivateFrameworks/CoreHandwriting.framework/Versions/A/CoreHandwriting
0x00007fff4f504000 	/System/Library/Frameworks/MetalKit.framework/Versions/A/MetalKit
0x00007fff4b77e000 	/System/Library/Frameworks/CoreML.framework/Versions/A/CoreML
0x00007fff60197000 	/System/Library/PrivateFrameworks/Espresso.framework/Versions/A/Espresso
0x00007fff693c2000 	/System/Library/PrivateFrameworks/Montreal.framework/Versions/A/Montreal
0x0000000110543000 	/Applications/Stata/utilities/java/macosx-x64/zulu-jre11.0.3/lib/jli/libjli.dylib
0x0000000110558000 	/Applications/Stata/utilities/java/macosx-x64/zulu-jre11.0.3//lib/server/libjvm.dylib
0x0000000111365000 	/Applications/Stata/utilities/java/macosx-x64/zulu-jre11.0.3/lib/libverify.dylib
0x0000000111375000 	/Applications/Stata/utilities/java/macosx-x64/zulu-jre11.0.3/lib/libjava.dylib
0x00000001113a8000 	/Applications/Stata/utilities/java/macosx-x64/zulu-jre11.0.3/lib/libzip.dylib
0x00000001115f0000 	/Applications/Stata/utilities/java/macosx-x64/zulu-jre11.0.3/lib/libjimage.dylib
0x000000012f851000 	/Applications/Stata/utilities/java/macosx-x64/zulu-jre11.0.3/lib/libnio.dylib
0x000000012f863000 	/Applications/Stata/utilities/java/macosx-x64/zulu-jre11.0.3/lib/./libnet.dylib
0x000000012e96a000 	/Applications/Stata/utilities/java/macosx-x64/zulu-jre11.0.3/lib/libsunec.dylib
0x0000000108531000 	/Applications/Stata/utilities/java/macosx-x64/zulu-jre11.0.3/lib/libextnet.dylib
0x00007fff7302d000 	/System/Library/PrivateFrameworks/login.framework/Versions/A/login
0x00007fff60b07000 	/System/Library/PrivateFrameworks/FinderKit.framework/Versions/A/FinderKit
0x00007fff70ead000 	/System/Library/PrivateFrameworks/SystemAdministration.framework/Versions/A/SystemAdministration
0x00007fff5f81d000 	/System/Library/PrivateFrameworks/DiskImages.framework/Versions/A/DiskImages
0x00007fff70b65000 	/System/Library/PrivateFrameworks/Suggestions.framework/Versions/A/Suggestions
0x00007fff6ec50000 	/System/Library/PrivateFrameworks/SidecarUI.framework/Versions/A/SidecarUI
0x00007fff4c88b000 	/System/Library/Frameworks/DirectoryService.framework/Versions/A/DirectoryService
0x00007fff68530000 	/System/Library/PrivateFrameworks/LoginUIKit.framework/Versions/A/Frameworks/LoginUICore.framework/Versions/A/LoginUICore
0x00007fff757c1000 	/usr/lib/libodfde.dylib
0x00007fff74293000 	/usr/lib/libcurl.4.dylib
0x00007fff74100000 	/usr/lib/libcrypto.42.dylib
0x00007fff75c33000 	/usr/lib/libssl.44.dylib
0x00007fff4ea3f000 	/System/Library/Frameworks/LDAP.framework/Versions/A/LDAP
0x00007fff7153d000 	/System/Library/PrivateFrameworks/TrustEvaluationAgent.framework/Versions/A/TrustEvaluationAgent
0x00007fff7597d000 	/usr/lib/libsasl2.2.dylib
0x00007fff5de8e000 	/System/Library/PrivateFrameworks/CoreDaemon.framework/Versions/B/CoreDaemon
0x00007fff5ae23000 	/System/Library/PrivateFrameworks/AppleSRP.framework/Versions/A/AppleSRP
0x00007fff47e16000 	/System/Library/Frameworks/AddressBook.framework/Versions/A/AddressBook
0x00007fff5d6ed000 	/System/Library/PrivateFrameworks/ContactsPersistence.framework/Versions/A/ContactsPersistence
0x00007fff5a17b000 	/System/Library/PrivateFrameworks/AddressBookCore.framework/Versions/A/AddressBookCore
0x00007fff5beb7000 	/System/Library/PrivateFrameworks/CalendarAgentLink.framework/Versions/A/CalendarAgentLink
0x00007fff5d68a000 	/System/Library/PrivateFrameworks/ContactsFoundation.framework/Versions/A/ContactsFoundation
0x00007fff681ef000 	/System/Library/PrivateFrameworks/IntlPreferences.framework/Versions/A/IntlPreferences
0x00007fff56171000 	/System/Library/Frameworks/SecurityInterface.framework/Versions/A/SecurityInterface
0x00007fff714e4000 	/System/Library/PrivateFrameworks/ToneKit.framework/Versions/A/ToneKit
0x00007fff71500000 	/System/Library/PrivateFrameworks/ToneLibrary.framework/Versions/A/ToneLibrary
0x00007fff73079000 	/System/Library/PrivateFrameworks/vCard.framework/Versions/A/vCard
0x00007fff47db9000 	/System/Library/Frameworks/Accounts.framework/Versions/A/Accounts
0x00007fff6b315000 	/System/Library/PrivateFrameworks/PhoneNumbers.framework/Versions/A/PhoneNumbers
0x00007fff5ae05000 	/System/Library/PrivateFrameworks/ApplePushService.framework/Versions/A/ApplePushService
0x00007fff4a1a7000 	/System/Library/Frameworks/Contacts.framework/Versions/A/Contacts
0x00007fff5d3cd000 	/System/Library/PrivateFrameworks/CommonUtilities.framework/Versions/A/CommonUtilities
0x00007fff5b7cc000 	/System/Library/PrivateFrameworks/Bom.framework/Versions/A/Bom
0x00007fff5abd5000 	/System/Library/PrivateFrameworks/AppleLDAP.framework/Versions/A/AppleLDAP
0x00007fff6ec3d000 	/System/Library/PrivateFrameworks/SidecarCore.framework/Versions/A/SidecarCore
0x00007fff5c70d000 	/System/Library/PrivateFrameworks/CloudDocs.framework/Versions/A/CloudDocs
0x00007fff60a69000 	/System/Library/PrivateFrameworks/FileProvider.framework/Versions/A/FileProvider
0x00007fff7053b000 	/System/Library/PrivateFrameworks/SpotlightIndex.framework/Versions/A/SpotlightIndex
0x00007fff70c66000 	/System/Library/PrivateFrameworks/SymptomDiagnosticReporter.framework/Versions/A/SymptomDiagnosticReporter
0x00007fff6cb1d000 	/System/Library/PrivateFrameworks/PowerLog.framework/Versions/A/PowerLog
0x00007fff5dc84000 	/System/Library/PrivateFrameworks/CoreAnalytics.framework/Versions/A/CoreAnalytics
0x00007fff6cacf000 	/System/Library/PrivateFrameworks/PlugInKit.framework/Versions/A/PlugInKit
0x00007fff49fab000 	/System/Library/Frameworks/CloudKit.framework/Versions/A/CloudKit
0x00007fff4b6ac000 	/System/Library/Frameworks/CoreLocation.framework/Versions/A/CoreLocation
0x00007fff65d5c000 	/System/Library/PrivateFrameworks/GeoServices.framework/Versions/A/GeoServices
0x00007fff6eaf2000 	/System/Library/PrivateFrameworks/SharePointManagement.framework/Versions/A/SharePointManagement
0x000000012e93f000 	/System/Library/PrivateFrameworks/FileProvider.framework/OverrideBundles/CloudDocsFileProvider.bundle/Contents/MacOS/CloudDocsFileProvider
0x000000012ea41000 	/System/Library/PrivateFrameworks/FileProvider.framework/OverrideBundles/FileProviderOverride.bundle/Contents/MacOS/FileProviderOverride
0x000000012f101000 	/System/Library/PrivateFrameworks/FileProvider.framework/OverrideBundles/FinderSyncCollaborationFileProviderOverride.bundle/Contents/MacOS/FinderSyncCollaborationFileProviderOverride
0x00007fff6858e000 	/System/Library/PrivateFrameworks/Lookup.framework/Versions/A/Lookup
0x00007fff5900e000 	/System/Library/Frameworks/WebKit.framework/Versions/A/WebKit
0x00007fff5f467000 	/System/Library/PrivateFrameworks/DataDetectors.framework/Versions/A/DataDetectors
0x00007fff58e1c000 	/System/Library/Frameworks/WebKit.framework/Versions/A/Frameworks/WebKitLegacy.framework/Versions/A/WebKitLegacy
0x00007fff5744c000 	/System/Library/Frameworks/WebKit.framework/Versions/A/Frameworks/WebCore.framework/Versions/A/WebCore
0x00007fff73266000 	/usr/lib/libAccessibility.dylib
0x00007fff5e967000 	/System/Library/PrivateFrameworks/CorePrediction.framework/Versions/A/CorePrediction
0x00007fff75941000 	/usr/lib/libsandbox.1.dylib
0x00007fff56e3e000 	/System/Library/Frameworks/WebKit.framework/Versions/A/Frameworks/WebCore.framework/Versions/A/Frameworks/libwebrtc.dylib
0x00007fff6e037000 	/System/Library/PrivateFrameworks/SafariSafeBrowsing.framework/Versions/A/SafariSafeBrowsing
0x00007fff71748000 	/System/Library/PrivateFrameworks/URLFormatting.framework/Versions/A/URLFormatting
0x00007fff59e5a000 	/System/Library/PrivateFrameworks/AXCoreUtilities.framework/Versions/A/AXCoreUtilities
0x00007fff667ad000 	/System/Library/PrivateFrameworks/GraphicsServices.framework/Versions/A/GraphicsServices
0x00007fff5e818000 	/System/Library/PrivateFrameworks/CoreOptimization.framework/Versions/A/CoreOptimization
0x00007fff73674000 	/usr/lib/libMatch.1.dylib
0x00007fff72b71000 	/System/Library/PrivateFrameworks/WirelessDiagnostics.framework/Versions/A/WirelessDiagnostics
0x00007fff72892000 	/System/Library/PrivateFrameworks/WirelessDiagnostics.framework/Versions/A/Libraries/libAWDSupportFramework.dylib
0x00007fff72b04000 	/System/Library/PrivateFrameworks/WirelessDiagnostics.framework/Versions/A/Libraries/libprotobuf-lite.dylib
0x00007fff73806000 	/usr/lib/libTelephonyUtilDynamic.dylib
0x00007fff72b16000 	/System/Library/PrivateFrameworks/WirelessDiagnostics.framework/Versions/A/Libraries/libprotobuf.dylib
0x00007fff673ae000 	/System/Library/PrivateFrameworks/IDS.framework/Versions/A/IDS
0x00007fff67b24000 	/System/Library/PrivateFrameworks/IMFoundation.framework/Versions/A/IMFoundation
0x00007fff68ce1000 	/System/Library/PrivateFrameworks/Marco.framework/Versions/A/Marco
0x00007fff674a8000 	/System/Library/PrivateFrameworks/IDSFoundation.framework/Versions/A/IDSFoundation
0x00007fff5052f000 	/System/Library/Frameworks/Network.framework/Versions/A/Network
0x00007fff60181000 	/System/Library/PrivateFrameworks/Engram.framework/Versions/A/Engram
0x00007fff75cde000 	/usr/lib/libtidy.A.dylib
0x00007fff5f78a000 	/System/Library/PrivateFrameworks/DiagnosticLogCollection.framework/Versions/A/DiagnosticLogCollection
0x00007fff5bad5000 	/System/Library/PrivateFrameworks/CacheDelete.framework/Versions/A/CacheDelete
0x00007fff6ec1d000 	/System/Library/PrivateFrameworks/Shortcut.framework/Versions/A/Shortcut
0x00007fff66971000 	/System/Library/PrivateFrameworks/HelpData.framework/Versions/A/HelpData


VM Arguments:
jvm_args: -Xmx2048M -Xss2M -XX:ErrorFile=/dev/null 
java_command: <unknown>
java_class_path (initial): /Applications/Stata/utilities/jar/aspose-words-18.11-jdk16.jar:/Applications/Stata/utilities/jar/libstata-core.jar:/Applications/Stata/utilities/jar/libdeps-core.jar:/Applications/Stata/utilities/jar/sfi-api.jar:
Launcher Type: generic

[Global flags]
     intx CICompilerCount                          = 4                                         {product} {ergonomic}
     uint ConcGCThreads                            = 2                                         {product} {ergonomic}
    ccstr ErrorFile                                = /dev/null                                 {product} {command line}
     uint G1ConcRefinementThreads                  = 8                                         {product} {ergonomic}
   size_t G1HeapRegionSize                         = 1048576                                   {product} {ergonomic}
    uintx GCDrainStackTargetSize                   = 64                                        {product} {ergonomic}
   size_t InitialHeapSize                          = 268435456                                 {product} {ergonomic}
   size_t MarkStackSize                            = 4194304                                   {product} {ergonomic}
   size_t MaxHeapSize                              = 2147483648                                {product} {command line}
   size_t MaxNewSize                               = 1287651328                                {product} {ergonomic}
   size_t MinHeapDeltaBytes                        = 1048576                                   {product} {ergonomic}
    uintx NonNMethodCodeHeapSize                   = 5835340                                {pd product} {ergonomic}
    uintx NonProfiledCodeHeapSize                  = 122911450                              {pd product} {ergonomic}
    uintx ProfiledCodeHeapSize                     = 122911450                              {pd product} {ergonomic}
    uintx ReservedCodeCacheSize                    = 251658240                              {pd product} {ergonomic}
     bool SegmentedCodeCache                       = true                                      {product} {ergonomic}
     intx ThreadStackSize                          = 2048                                   {pd product} {command line}
     bool UseCompressedClassPointers               = true                                 {lp64_product} {ergonomic}
     bool UseCompressedOops                        = true                                 {lp64_product} {ergonomic}
     bool UseG1GC                                  = true                                      {product} {ergonomic}

Logging:
Log output configuration:
 #0: stdout all=warning uptime,level,tags
 #1: stderr all=off uptime,level,tags

Environment Variables:
PATH=/usr/bin:/bin:/usr/sbin:/sbin:/Applications/Stata/utilities/java/macosx-x64/zulu-jre11.0.3/bin
SHELL=/bin/bash
DISPLAY=/private/tmp/com.apple.launchd.DrJqoYk1un/org.macosforge.xquartz:0

Signal Handlers:
SIGSEGV: [libjvm.dylib+0x77c854], sa_mask[0]=11111111011111110111111111111111, sa_flags=SA_ONSTACK|SA_RESTART|SA_SIGINFO
SIGBUS: [libjvm.dylib+0x77c854], sa_mask[0]=11111111011111110111111111111111, sa_flags=SA_RESTART|SA_SIGINFO
SIGFPE: [libjvm.dylib+0x77c854], sa_mask[0]=11111111011111110111111111111111, sa_flags=SA_RESTART|SA_SIGINFO
SIGPIPE: [libjvm.dylib+0x6175d8], sa_mask[0]=11111111011111110111111111111111, sa_flags=SA_RESTART|SA_SIGINFO
SIGXFSZ: [libjvm.dylib+0x6175d8], sa_mask[0]=11111111011111110111111111111111, sa_flags=SA_RESTART|SA_SIGINFO
SIGILL: [libjvm.dylib+0x77c854], sa_mask[0]=11111111011111110111111111111111, sa_flags=SA_RESTART|SA_SIGINFO
SIGUSR2: [libjvm.dylib+0x617be8], sa_mask[0]=11100100000001110111111111011111, sa_flags=SA_RESTART|SA_SIGINFO
SIGHUP: [libjvm.dylib+0x616659], sa_mask[0]=11111111011111110111111111111111, sa_flags=SA_RESTART|SA_SIGINFO
SIGINT: [libjvm.dylib+0x616659], sa_mask[0]=11111111011111110111111111111111, sa_flags=SA_RESTART|SA_SIGINFO
SIGTERM: [libjvm.dylib+0x616659], sa_mask[0]=11111111011111110111111111111111, sa_flags=SA_RESTART|SA_SIGINFO
SIGQUIT: [libjvm.dylib+0x616659], sa_mask[0]=11111111011111110111111111111111, sa_flags=SA_RESTART|SA_SIGINFO


---------------  S Y S T E M  ---------------

OS:uname:Darwin 18.6.0 Darwin Kernel Version 18.6.0: Thu Apr 25 23:16:27 PDT 2019; root:xnu-4903.261.4~2/RELEASE_X86_64 x86_64
rlimit: STACK 8192k, CORE 0k, NPROC 1418, NOFILE 12544, AS infinity, DATA infinity, FSIZE infinity
load average:1.54 1.70 1.80

CPU:total 8 (initial active 8) (4 cores per cpu, 2 threads per core) family 6 model 70 stepping 1, cmov, cx8, fxsr, mmx, sse, sse2, sse3, ssse3, sse4.1, sse4.2, popcnt, avx, avx2, aes, clmul, erms, lzcnt, ht, tsc, tscinvbit, bmi1, bmi2, fma

Memory: 4k page, physical 16777216k(350928k free)

vm_info: OpenJDK 64-Bit Server VM (11.0.3+7-LTS) for bsd-amd64 JRE (Zulu11.31+11-CA) (11.0.3+7-LTS), built on Apr  5 2019 15:03:43 by "zulu_re" with gcc 4.2.1 Compatible Apple LLVM 6.1.0 (clang-602.0.53)

END.
